[13:14:16] [main/INFO] [GradleStart]: Extra: []
[13:14:16] [main/INFO] [GradleStart]: Running with arguments: [--userProperties, {}, --assetsDir, C:/Users/ldspc/.gradle/caches/minecraft/assets, --assetIndex, 1.7.10, --accessToken, {REDACTED}, --version, 1.7.10, --tweakClass, cpw.mods.fml.common.launcher.FMLTweaker, --tweakClass, net.minecraftforge.gradle.tweakers.CoremodTweaker]
[13:14:16] [main/INFO] [LaunchWrapper]: Loading tweak class name cpw.mods.fml.common.launcher.FMLTweaker
[13:14:16] [main/INFO] [LaunchWrapper]: Using primary tweak class name cpw.mods.fml.common.launcher.FMLTweaker
[13:14:16] [main/INFO] [LaunchWrapper]: Loading tweak class name net.minecraftforge.gradle.tweakers.CoremodTweaker
[13:14:16] [main/INFO] [LaunchWrapper]: Calling tweak class cpw.mods.fml.common.launcher.FMLTweaker
[13:42:49] [main/INFO] [GradleStart]: Extra: []
[13:42:49] [main/INFO] [GradleStart]: Running with arguments: [--userProperties, {}, --assetsDir, C:/Users/ldspc/.gradle/caches/minecraft/assets, --assetIndex, 1.7.10, --accessToken, {REDACTED}, --version, 1.7.10, --tweakClass, cpw.mods.fml.common.launcher.FMLTweaker, --tweakClass, net.minecraftforge.gradle.tweakers.CoremodTweaker]
[13:42:49] [main/INFO] [LaunchWrapper]: Loading tweak class name cpw.mods.fml.common.launcher.FMLTweaker
[13:42:49] [main/INFO] [LaunchWrapper]: Using primary tweak class name cpw.mods.fml.common.launcher.FMLTweaker
[13:42:49] [main/INFO] [LaunchWrapper]: Loading tweak class name net.minecraftforge.gradle.tweakers.CoremodTweaker
[13:42:49] [main/INFO] [LaunchWrapper]: Calling tweak class cpw.mods.fml.common.launcher.FMLTweaker
[13:45:07] [main/INFO] [GradleStart]: Extra: []
[13:45:07] [main/INFO] [GradleStart]: Running with arguments: [--userProperties, {}, --assetsDir, C:/Users/ldspc/.gradle/caches/minecraft/assets, --assetIndex, 1.7.10, --accessToken, {REDACTED}, --version, 1.7.10, --tweakClass, cpw.mods.fml.common.launcher.FMLTweaker, --tweakClass, net.minecraftforge.gradle.tweakers.CoremodTweaker]
[13:45:07] [main/INFO] [LaunchWrapper]: Loading tweak class name cpw.mods.fml.common.launcher.FMLTweaker
[13:45:07] [main/INFO] [LaunchWrapper]: Using primary tweak class name cpw.mods.fml.common.launcher.FMLTweaker
[13:45:07] [main/INFO] [LaunchWrapper]: Loading tweak class name net.minecraftforge.gradle.tweakers.CoremodTweaker
[13:45:08] [main/INFO] [LaunchWrapper]: Calling tweak class cpw.mods.fml.common.launcher.FMLTweaker
[13:45:33] [main/INFO] [GradleStart]: username: ldspcjunkie@gmail.com
[13:45:33] [main/INFO] [GradleStart]: Extra: []
[13:45:33] [main/INFO] [GradleStart]: Password found, attempting login
[13:45:34] [main/INFO] [GradleStart]: Login Succesful!
[13:45:34] [main/INFO] [GradleStart]: Running with arguments: [--userProperties, {"twitch_access_token":["l8wb0ko8l6feqs2g7poz8gwcb3gm6e2"]}, --assetsDir, C:/Users/ldspc/.gradle/caches/minecraft/assets, --assetIndex, 1.7.10, --userType, mojang, --accessToken, {REDACTED}, --version, 1.7.10, --uuid, e1cb3bf0635546989d0e6ddfafd3e4a1, --username, PiWalker, --tweakClass, cpw.mods.fml.common.launcher.FMLTweaker, --tweakClass, net.minecraftforge.gradle.tweakers.CoremodTweaker]
[13:45:35] [main/INFO] [LaunchWrapper]: Loading tweak class name cpw.mods.fml.common.launcher.FMLTweaker
[13:45:35] [main/INFO] [LaunchWrapper]: Using primary tweak class name cpw.mods.fml.common.launcher.FMLTweaker
[13:45:35] [main/INFO] [LaunchWrapper]: Loading tweak class name net.minecraftforge.gradle.tweakers.CoremodTweaker
[13:45:35] [main/INFO] [LaunchWrapper]: Calling tweak class cpw.mods.fml.common.launcher.FMLTweaker
[13:45:37] [main/INFO] [GradleStart]: username: ldspcjunkie@gmail.com
[13:45:37] [main/INFO] [GradleStart]: Extra: []
[13:45:37] [main/INFO] [GradleStart]: Password found, attempting login
[13:45:39] [main/INFO] [GradleStart]: Login Succesful!
[13:45:39] [main/INFO] [GradleStart]: Running with arguments: [--userProperties, {"twitch_access_token":["l8wb0ko8l6feqs2g7poz8gwcb3gm6e2"]}, --assetsDir, C:/Users/ldspc/.gradle/caches/minecraft/assets, --assetIndex, 1.7.10, --userType, mojang, --accessToken, {REDACTED}, --version, 1.7.10, --uuid, e1cb3bf0635546989d0e6ddfafd3e4a1, --username, PiWalker, --tweakClass, cpw.mods.fml.common.launcher.FMLTweaker, --tweakClass, net.minecraftforge.gradle.tweakers.CoremodTweaker]
[13:45:39] [main/INFO] [LaunchWrapper]: Loading tweak class name cpw.mods.fml.common.launcher.FMLTweaker
[13:45:39] [main/INFO] [LaunchWrapper]: Using primary tweak class name cpw.mods.fml.common.launcher.FMLTweaker
[13:45:39] [main/INFO] [LaunchWrapper]: Loading tweak class name net.minecraftforge.gradle.tweakers.CoremodTweaker
[13:45:39] [main/INFO] [LaunchWrapper]: Calling tweak class cpw.mods.fml.common.launcher.FMLTweaker
[13:52:28] [main/INFO] [GradleStart]: username: ldspcjunkie@gmail.com
[13:52:28] [main/INFO] [GradleStart]: Extra: []
[13:52:28] [main/INFO] [GradleStart]: Password found, attempting login
[13:52:29] [main/INFO] [GradleStart]: Login Succesful!
[13:52:29] [main/INFO] [GradleStart]: Running with arguments: [--userProperties, {"twitch_access_token":["l8wb0ko8l6feqs2g7poz8gwcb3gm6e2"]}, --assetsDir, C:/Users/ldspc/.gradle/caches/minecraft/assets, --assetIndex, 1.7.10, --userType, mojang, --accessToken, {REDACTED}, --version, 1.7.10, --uuid, e1cb3bf0635546989d0e6ddfafd3e4a1, --username, PiWalker, --tweakClass, cpw.mods.fml.common.launcher.FMLTweaker, --tweakClass, net.minecraftforge.gradle.tweakers.CoremodTweaker]
[13:52:29] [main/INFO] [LaunchWrapper]: Loading tweak class name cpw.mods.fml.common.launcher.FMLTweaker
[13:52:30] [main/INFO] [LaunchWrapper]: Using primary tweak class name cpw.mods.fml.common.launcher.FMLTweaker
[13:52:30] [main/INFO] [LaunchWrapper]: Loading tweak class name net.minecraftforge.gradle.tweakers.CoremodTweaker
[13:52:30] [main/INFO] [LaunchWrapper]: Calling tweak class cpw.mods.fml.common.launcher.FMLTweaker
[15:03:55] [main/INFO] [GradleStart]: username: ldspcjunkie@gmail.com
[15:03:55] [main/INFO] [GradleStart]: Extra: []
[15:03:55] [main/INFO] [GradleStart]: Password found, attempting login
[15:03:59] [main/INFO] [GradleStart]: username: ldspcjunkie@gmail.com
[15:03:59] [main/INFO] [GradleStart]: Extra: []
[15:03:59] [main/INFO] [GradleStart]: Password found, attempting login
[15:04:01] [main/INFO] [GradleStart]: Login Succesful!
[15:04:01] [main/INFO] [GradleStart]: Running with arguments: [--userProperties, {"twitch_access_token":["l8wb0ko8l6feqs2g7poz8gwcb3gm6e2"]}, --assetsDir, C:/Users/ldspc/.gradle/caches/minecraft/assets, --assetIndex, 1.7.10, --userType, mojang, --accessToken, {REDACTED}, --version, 1.7.10, --uuid, e1cb3bf0635546989d0e6ddfafd3e4a1, --username, PiWalker, --tweakClass, cpw.mods.fml.common.launcher.FMLTweaker, --tweakClass, net.minecraftforge.gradle.tweakers.CoremodTweaker]
[15:04:01] [main/INFO] [LaunchWrapper]: Loading tweak class name cpw.mods.fml.common.launcher.FMLTweaker
[15:04:01] [main/INFO] [LaunchWrapper]: Using primary tweak class name cpw.mods.fml.common.launcher.FMLTweaker
[15:04:01] [main/INFO] [LaunchWrapper]: Loading tweak class name net.minecraftforge.gradle.tweakers.CoremodTweaker
[15:04:01] [main/INFO] [LaunchWrapper]: Calling tweak class cpw.mods.fml.common.launcher.FMLTweaker
[15:06:19] [main/INFO] [GradleStart]: username: ldspcjunkie@gmail.com
[15:06:19] [main/INFO] [GradleStart]: Extra: []
[15:06:19] [main/INFO] [GradleStart]: Password found, attempting login
[15:06:20] [main/INFO] [GradleStart]: Login Succesful!
[15:06:20] [main/INFO] [GradleStart]: Running with arguments: [--userProperties, {"twitch_access_token":["l8wb0ko8l6feqs2g7poz8gwcb3gm6e2"]}, --assetsDir, C:/Users/ldspc/.gradle/caches/minecraft/assets, --assetIndex, 1.7.10, --userType, mojang, --accessToken, {REDACTED}, --version, 1.7.10, --uuid, e1cb3bf0635546989d0e6ddfafd3e4a1, --username, PiWalker, --tweakClass, cpw.mods.fml.common.launcher.FMLTweaker, --tweakClass, net.minecraftforge.gradle.tweakers.CoremodTweaker]
[15:06:20] [main/INFO] [LaunchWrapper]: Loading tweak class name cpw.mods.fml.common.launcher.FMLTweaker
[15:06:21] [main/INFO] [LaunchWrapper]: Using primary tweak class name cpw.mods.fml.common.launcher.FMLTweaker
[15:06:21] [main/INFO] [LaunchWrapper]: Loading tweak class name net.minecraftforge.gradle.tweakers.CoremodTweaker
[15:06:21] [main/INFO] [LaunchWrapper]: Calling tweak class cpw.mods.fml.common.launcher.FMLTweaker
[15:07:38] [main/INFO] [GradleStart]: username: ldspcjunkie@gmail.com
[15:07:38] [main/INFO] [GradleStart]: Extra: []
[15:07:38] [main/INFO] [GradleStart]: Password found, attempting login
[15:07:40] [main/INFO] [GradleStart]: Login Succesful!
[15:07:40] [main/INFO] [GradleStart]: Running with arguments: [--userProperties, {"twitch_access_token":["l8wb0ko8l6feqs2g7poz8gwcb3gm6e2"]}, --assetsDir, C:/Users/ldspc/.gradle/caches/minecraft/assets, --assetIndex, 1.7.10, --userType, mojang, --accessToken, {REDACTED}, --version, 1.7.10, --uuid, e1cb3bf0635546989d0e6ddfafd3e4a1, --username, PiWalker, --tweakClass, cpw.mods.fml.common.launcher.FMLTweaker, --tweakClass, net.minecraftforge.gradle.tweakers.CoremodTweaker]
[15:07:40] [main/INFO] [LaunchWrapper]: Loading tweak class name cpw.mods.fml.common.launcher.FMLTweaker
[15:07:40] [main/INFO] [LaunchWrapper]: Using primary tweak class name cpw.mods.fml.common.launcher.FMLTweaker
[15:07:40] [main/INFO] [LaunchWrapper]: Loading tweak class name net.minecraftforge.gradle.tweakers.CoremodTweaker
[15:07:40] [main/INFO] [LaunchWrapper]: Calling tweak class cpw.mods.fml.common.launcher.FMLTweaker
[15:34:42] [main/INFO] [GradleStart]: username: ldspcjunkie@gmail.com
[15:34:42] [main/INFO] [GradleStart]: Extra: []
[15:34:42] [main/INFO] [GradleStart]: Password found, attempting login
[15:34:43] [main/INFO] [GradleStart]: Login Succesful!
[15:34:43] [main/INFO] [GradleStart]: Running with arguments: [--userProperties, {"twitch_access_token":["l8wb0ko8l6feqs2g7poz8gwcb3gm6e2"]}, --assetsDir, C:/Users/ldspc/.gradle/caches/minecraft/assets, --assetIndex, 1.7.10, --userType, mojang, --accessToken, {REDACTED}, --version, 1.7.10, --uuid, e1cb3bf0635546989d0e6ddfafd3e4a1, --username, PiWalker, --tweakClass, cpw.mods.fml.common.launcher.FMLTweaker, --tweakClass, net.minecraftforge.gradle.tweakers.CoremodTweaker]
[15:34:43] [main/INFO] [LaunchWrapper]: Loading tweak class name cpw.mods.fml.common.launcher.FMLTweaker
[15:34:43] [main/INFO] [LaunchWrapper]: Using primary tweak class name cpw.mods.fml.common.launcher.FMLTweaker
[15:34:43] [main/INFO] [LaunchWrapper]: Loading tweak class name net.minecraftforge.gradle.tweakers.CoremodTweaker
[15:34:43] [main/INFO] [LaunchWrapper]: Calling tweak class cpw.mods.fml.common.launcher.FMLTweaker
[15:38:31] [main/INFO] [GradleStart]: username: ldspcjunkie@gmail.com
[15:38:31] [main/INFO] [GradleStart]: Extra: []
[15:38:31] [main/INFO] [GradleStart]: Password found, attempting login
[15:38:32] [main/INFO] [GradleStart]: Login Succesful!
[15:38:32] [main/INFO] [GradleStart]: Running with arguments: [--userProperties, {"twitch_access_token":["l8wb0ko8l6feqs2g7poz8gwcb3gm6e2"]}, --assetsDir, C:/Users/ldspc/.gradle/caches/minecraft/assets, --assetIndex, 1.7.10, --userType, mojang, --accessToken, {REDACTED}, --version, 1.7.10, --uuid, e1cb3bf0635546989d0e6ddfafd3e4a1, --username, PiWalker, --tweakClass, cpw.mods.fml.common.launcher.FMLTweaker, --tweakClass, net.minecraftforge.gradle.tweakers.CoremodTweaker]
[15:38:32] [main/INFO] [LaunchWrapper]: Loading tweak class name cpw.mods.fml.common.launcher.FMLTweaker
[15:38:32] [main/INFO] [LaunchWrapper]: Using primary tweak class name cpw.mods.fml.common.launcher.FMLTweaker
[15:38:32] [main/INFO] [LaunchWrapper]: Loading tweak class name net.minecraftforge.gradle.tweakers.CoremodTweaker
[15:38:33] [main/INFO] [LaunchWrapper]: Calling tweak class cpw.mods.fml.common.launcher.FMLTweaker
[15:38:41] [main/INFO] [GradleStart]: username: ldspcjunkie@gmail.com
[15:38:41] [main/INFO] [GradleStart]: Extra: []
[15:38:41] [main/INFO] [GradleStart]: Password found, attempting login
[15:38:42] [main/INFO] [GradleStart]: Login Succesful!
[15:38:42] [main/INFO] [GradleStart]: Running with arguments: [--userProperties, {"twitch_access_token":["l8wb0ko8l6feqs2g7poz8gwcb3gm6e2"]}, --assetsDir, C:/Users/ldspc/.gradle/caches/minecraft/assets, --assetIndex, 1.7.10, --userType, mojang, --accessToken, {REDACTED}, --version, 1.7.10, --uuid, e1cb3bf0635546989d0e6ddfafd3e4a1, --username, PiWalker, --tweakClass, cpw.mods.fml.common.launcher.FMLTweaker, --tweakClass, net.minecraftforge.gradle.tweakers.CoremodTweaker]
[15:38:42] [main/INFO] [LaunchWrapper]: Loading tweak class name cpw.mods.fml.common.launcher.FMLTweaker
[15:38:42] [main/INFO] [LaunchWrapper]: Using primary tweak class name cpw.mods.fml.common.launcher.FMLTweaker
[15:38:42] [main/INFO] [LaunchWrapper]: Loading tweak class name net.minecraftforge.gradle.tweakers.CoremodTweaker
[15:38:42] [main/INFO] [LaunchWrapper]: Calling tweak class cpw.mods.fml.common.launcher.FMLTweaker
[15:40:33] [main/INFO] [GradleStart]: username: ldspcjunkie@gmail.com
[15:40:33] [main/INFO] [GradleStart]: Extra: []
[15:40:33] [main/INFO] [GradleStart]: Password found, attempting login
[15:40:35] [main/INFO] [GradleStart]: Login Succesful!
[15:40:35] [main/INFO] [GradleStart]: Running with arguments: [--userProperties, {"twitch_access_token":["l8wb0ko8l6feqs2g7poz8gwcb3gm6e2"]}, --assetsDir, C:/Users/ldspc/.gradle/caches/minecraft/assets, --assetIndex, 1.7.10, --userType, mojang, --accessToken, {REDACTED}, --version, 1.7.10, --uuid, e1cb3bf0635546989d0e6ddfafd3e4a1, --username, PiWalker, --tweakClass, cpw.mods.fml.common.launcher.FMLTweaker, --tweakClass, net.minecraftforge.gradle.tweakers.CoremodTweaker]
[15:40:35] [main/INFO] [LaunchWrapper]: Loading tweak class name cpw.mods.fml.common.launcher.FMLTweaker
[15:40:35] [main/INFO] [LaunchWrapper]: Using primary tweak class name cpw.mods.fml.common.launcher.FMLTweaker
[15:40:35] [main/INFO] [LaunchWrapper]: Loading tweak class name net.minecraftforge.gradle.tweakers.CoremodTweaker
[15:40:35] [main/INFO] [LaunchWrapper]: Calling tweak class cpw.mods.fml.common.launcher.FMLTweaker
[15:41:50] [main/INFO] [GradleStart]: username: ldspcjunkie@gmail.com
[15:41:50] [main/INFO] [GradleStart]: Extra: []
[15:41:50] [main/INFO] [GradleStart]: Password found, attempting login
[15:41:51] [main/INFO] [GradleStart]: Login Succesful!
[15:41:52] [main/INFO] [GradleStart]: Running with arguments: [--userProperties, {"twitch_access_token":["l8wb0ko8l6feqs2g7poz8gwcb3gm6e2"]}, --assetsDir, C:/Users/ldspc/.gradle/caches/minecraft/assets, --assetIndex, 1.7.10, --userType, mojang, --accessToken, {REDACTED}, --version, 1.7.10, --uuid, e1cb3bf0635546989d0e6ddfafd3e4a1, --username, PiWalker, --tweakClass, cpw.mods.fml.common.launcher.FMLTweaker, --tweakClass, net.minecraftforge.gradle.tweakers.CoremodTweaker]
[15:41:52] [main/INFO] [LaunchWrapper]: Loading tweak class name cpw.mods.fml.common.launcher.FMLTweaker
[15:41:52] [main/INFO] [LaunchWrapper]: Using primary tweak class name cpw.mods.fml.common.launcher.FMLTweaker
[15:41:52] [main/INFO] [LaunchWrapper]: Loading tweak class name net.minecraftforge.gradle.tweakers.CoremodTweaker
[15:41:52] [main/INFO] [LaunchWrapper]: Calling tweak class cpw.mods.fml.common.launcher.FMLTweaker
[15:56:57] [main/INFO] [GradleStart]: username: ldspcjunkie@gmail.com
[15:56:57] [main/INFO] [GradleStart]: Extra: []
[15:56:57] [main/INFO] [GradleStart]: Password found, attempting login
[15:56:59] [main/INFO] [GradleStart]: Login Succesful!
[15:56:59] [main/INFO] [GradleStart]: Running with arguments: [--userProperties, {"twitch_access_token":["l8wb0ko8l6feqs2g7poz8gwcb3gm6e2"]}, --assetsDir, C:/Users/ldspc/.gradle/caches/minecraft/assets, --assetIndex, 1.7.10, --userType, mojang, --accessToken, {REDACTED}, --version, 1.7.10, --uuid, e1cb3bf0635546989d0e6ddfafd3e4a1, --username, PiWalker, --tweakClass, cpw.mods.fml.common.launcher.FMLTweaker, --tweakClass, net.minecraftforge.gradle.tweakers.CoremodTweaker]
[15:56:59] [main/INFO] [LaunchWrapper]: Loading tweak class name cpw.mods.fml.common.launcher.FMLTweaker
[15:56:59] [main/INFO] [LaunchWrapper]: Using primary tweak class name cpw.mods.fml.common.launcher.FMLTweaker
[15:56:59] [main/INFO] [LaunchWrapper]: Loading tweak class name net.minecraftforge.gradle.tweakers.CoremodTweaker
[15:56:59] [main/INFO] [LaunchWrapper]: Calling tweak class cpw.mods.fml.common.launcher.FMLTweaker
[15:59:12] [main/INFO] [GradleStart]: username: ldspcjunkie@gmail.com
[15:59:12] [main/INFO] [GradleStart]: Extra: []
[15:59:12] [main/INFO] [GradleStart]: Password found, attempting login
[15:59:13] [main/INFO] [GradleStart]: Login Succesful!
[15:59:13] [main/INFO] [GradleStart]: Running with arguments: [--userProperties, {"twitch_access_token":["l8wb0ko8l6feqs2g7poz8gwcb3gm6e2"]}, --assetsDir, C:/Users/ldspc/.gradle/caches/minecraft/assets, --assetIndex, 1.7.10, --userType, mojang, --accessToken, {REDACTED}, --version, 1.7.10, --uuid, e1cb3bf0635546989d0e6ddfafd3e4a1, --username, PiWalker, --tweakClass, cpw.mods.fml.common.launcher.FMLTweaker, --tweakClass, net.minecraftforge.gradle.tweakers.CoremodTweaker]
[15:59:13] [main/INFO] [LaunchWrapper]: Loading tweak class name cpw.mods.fml.common.launcher.FMLTweaker
[15:59:13] [main/INFO] [LaunchWrapper]: Using primary tweak class name cpw.mods.fml.common.launcher.FMLTweaker
[15:59:13] [main/INFO] [LaunchWrapper]: Loading tweak class name net.minecraftforge.gradle.tweakers.CoremodTweaker
[15:59:13] [main/INFO] [LaunchWrapper]: Calling tweak class cpw.mods.fml.common.launcher.FMLTweaker
[16:03:13] [main/INFO] [GradleStart]: username: ldspcjunkie@gmail.com
[16:03:13] [main/INFO] [GradleStart]: Extra: []
[16:03:13] [main/INFO] [GradleStart]: Password found, attempting login
[16:03:15] [main/INFO] [GradleStart]: Login Succesful!
[16:03:15] [main/INFO] [GradleStart]: Running with arguments: [--userProperties, {"twitch_access_token":["l8wb0ko8l6feqs2g7poz8gwcb3gm6e2"]}, --assetsDir, C:/Users/ldspc/.gradle/caches/minecraft/assets, --assetIndex, 1.7.10, --userType, mojang, --accessToken, {REDACTED}, --version, 1.7.10, --uuid, e1cb3bf0635546989d0e6ddfafd3e4a1, --username, PiWalker, --tweakClass, cpw.mods.fml.common.launcher.FMLTweaker, --tweakClass, net.minecraftforge.gradle.tweakers.CoremodTweaker]
[16:03:15] [main/INFO] [LaunchWrapper]: Loading tweak class name cpw.mods.fml.common.launcher.FMLTweaker
[16:03:15] [main/INFO] [LaunchWrapper]: Using primary tweak class name cpw.mods.fml.common.launcher.FMLTweaker
[16:03:15] [main/INFO] [LaunchWrapper]: Loading tweak class name net.minecraftforge.gradle.tweakers.CoremodTweaker
[16:03:15] [main/INFO] [LaunchWrapper]: Calling tweak class cpw.mods.fml.common.launcher.FMLTweaker
[16:05:52] [main/INFO] [GradleStart]: username: ldspcjunkie@gmail.com
[16:05:53] [main/INFO] [GradleStart]: Extra: []
[16:05:53] [main/INFO] [GradleStart]: Password found, attempting login
[16:05:54] [main/INFO] [GradleStart]: Login Succesful!
[16:05:54] [main/INFO] [GradleStart]: Running with arguments: [--userProperties, {"twitch_access_token":["l8wb0ko8l6feqs2g7poz8gwcb3gm6e2"]}, --assetsDir, C:/Users/ldspc/.gradle/caches/minecraft/assets, --assetIndex, 1.7.10, --userType, mojang, --accessToken, {REDACTED}, --version, 1.7.10, --uuid, e1cb3bf0635546989d0e6ddfafd3e4a1, --username, PiWalker, --tweakClass, cpw.mods.fml.common.launcher.FMLTweaker, --tweakClass, net.minecraftforge.gradle.tweakers.CoremodTweaker]
[16:05:54] [main/INFO] [LaunchWrapper]: Loading tweak class name cpw.mods.fml.common.launcher.FMLTweaker
[16:05:54] [main/INFO] [LaunchWrapper]: Using primary tweak class name cpw.mods.fml.common.launcher.FMLTweaker
[16:05:54] [main/INFO] [LaunchWrapper]: Loading tweak class name net.minecraftforge.gradle.tweakers.CoremodTweaker
[16:05:54] [main/INFO] [LaunchWrapper]: Calling tweak class cpw.mods.fml.common.launcher.FMLTweaker
[16:13:48] [main/INFO] [GradleStart]: username: ldspcjunkie@gmail.com
[16:13:48] [main/INFO] [GradleStart]: Extra: []
[16:13:48] [main/INFO] [GradleStart]: Password found, attempting login
[16:13:50] [main/INFO] [GradleStart]: Login Succesful!
[16:13:50] [main/INFO] [GradleStart]: Running with arguments: [--userProperties, {"twitch_access_token":["l8wb0ko8l6feqs2g7poz8gwcb3gm6e2"]}, --assetsDir, C:/Users/ldspc/.gradle/caches/minecraft/assets, --assetIndex, 1.7.10, --userType, mojang, --accessToken, {REDACTED}, --version, 1.7.10, --uuid, e1cb3bf0635546989d0e6ddfafd3e4a1, --username, PiWalker, --tweakClass, cpw.mods.fml.common.launcher.FMLTweaker, --tweakClass, net.minecraftforge.gradle.tweakers.CoremodTweaker]
[16:13:50] [main/INFO] [LaunchWrapper]: Loading tweak class name cpw.mods.fml.common.launcher.FMLTweaker
[16:13:50] [main/INFO] [LaunchWrapper]: Using primary tweak class name cpw.mods.fml.common.launcher.FMLTweaker
[16:13:50] [main/INFO] [LaunchWrapper]: Loading tweak class name net.minecraftforge.gradle.tweakers.CoremodTweaker
[16:13:50] [main/INFO] [LaunchWrapper]: Calling tweak class cpw.mods.fml.common.launcher.FMLTweaker
[16:22:47] [main/INFO] [GradleStart]: username: ldspcjunkie@gmail.com
[16:22:47] [main/INFO] [GradleStart]: Extra: []
[16:22:47] [main/INFO] [GradleStart]: Password found, attempting login
[16:22:48] [main/INFO] [GradleStart]: Login Succesful!
[16:22:49] [main/INFO] [GradleStart]: Running with arguments: [--userProperties, {"twitch_access_token":["l8wb0ko8l6feqs2g7poz8gwcb3gm6e2"]}, --assetsDir, C:/Users/ldspc/.gradle/caches/minecraft/assets, --assetIndex, 1.7.10, --userType, mojang, --accessToken, {REDACTED}, --version, 1.7.10, --uuid, e1cb3bf0635546989d0e6ddfafd3e4a1, --username, PiWalker, --tweakClass, cpw.mods.fml.common.launcher.FMLTweaker, --tweakClass, net.minecraftforge.gradle.tweakers.CoremodTweaker]
[16:22:49] [main/INFO] [LaunchWrapper]: Loading tweak class name cpw.mods.fml.common.launcher.FMLTweaker
[16:22:49] [main/INFO] [LaunchWrapper]: Using primary tweak class name cpw.mods.fml.common.launcher.FMLTweaker
[16:22:49] [main/INFO] [LaunchWrapper]: Loading tweak class name net.minecraftforge.gradle.tweakers.CoremodTweaker
[16:22:49] [main/INFO] [LaunchWrapper]: Calling tweak class cpw.mods.fml.common.launcher.FMLTweaker
[16:25:01] [main/INFO] [GradleStart]: username: ldspcjunkie@gmail.com
[16:25:01] [main/INFO] [GradleStart]: Extra: []
[16:25:01] [main/INFO] [GradleStart]: Password found, attempting login
[16:25:02] [main/INFO] [GradleStart]: Login Succesful!
[16:25:02] [main/INFO] [GradleStart]: Running with arguments: [--userProperties, {"twitch_access_token":["l8wb0ko8l6feqs2g7poz8gwcb3gm6e2"]}, --assetsDir, C:/Users/ldspc/.gradle/caches/minecraft/assets, --assetIndex, 1.7.10, --userType, mojang, --accessToken, {REDACTED}, --version, 1.7.10, --uuid, e1cb3bf0635546989d0e6ddfafd3e4a1, --username, PiWalker, --tweakClass, cpw.mods.fml.common.launcher.FMLTweaker, --tweakClass, net.minecraftforge.gradle.tweakers.CoremodTweaker]
[16:25:02] [main/INFO] [LaunchWrapper]: Loading tweak class name cpw.mods.fml.common.launcher.FMLTweaker
[16:25:02] [main/INFO] [LaunchWrapper]: Using primary tweak class name cpw.mods.fml.common.launcher.FMLTweaker
[16:25:02] [main/INFO] [LaunchWrapper]: Loading tweak class name net.minecraftforge.gradle.tweakers.CoremodTweaker
[16:25:02] [main/INFO] [LaunchWrapper]: Calling tweak class cpw.mods.fml.common.launcher.FMLTweaker
[16:42:03] [main/INFO] [GradleStart]: username: ldspcjunkie@gmail.com
[16:42:03] [main/INFO] [GradleStart]: Extra: []
[16:42:03] [main/INFO] [GradleStart]: Password found, attempting login
[16:42:04] [main/INFO] [GradleStart]: Login Succesful!
[16:42:04] [main/INFO] [GradleStart]: Running with arguments: [--userProperties, {"twitch_access_token":["l8wb0ko8l6feqs2g7poz8gwcb3gm6e2"]}, --assetsDir, C:/Users/ldspc/.gradle/caches/minecraft/assets, --assetIndex, 1.7.10, --userType, mojang, --accessToken, {REDACTED}, --version, 1.7.10, --uuid, e1cb3bf0635546989d0e6ddfafd3e4a1, --username, PiWalker, --tweakClass, cpw.mods.fml.common.launcher.FMLTweaker, --tweakClass, net.minecraftforge.gradle.tweakers.CoremodTweaker]
[16:42:04] [main/INFO] [LaunchWrapper]: Loading tweak class name cpw.mods.fml.common.launcher.FMLTweaker
[16:42:05] [main/INFO] [LaunchWrapper]: Using primary tweak class name cpw.mods.fml.common.launcher.FMLTweaker
[16:42:05] [main/INFO] [LaunchWrapper]: Loading tweak class name net.minecraftforge.gradle.tweakers.CoremodTweaker
[16:42:05] [main/INFO] [LaunchWrapper]: Calling tweak class cpw.mods.fml.common.launcher.FMLTweaker
[16:54:48] [main/INFO] [GradleStart]: username: ldspcjunkie@gmail.com
[16:54:48] [main/INFO] [GradleStart]: Extra: []
[16:54:48] [main/INFO] [GradleStart]: Password found, attempting login
[16:54:50] [main/INFO] [GradleStart]: Login Succesful!
[16:54:50] [main/INFO] [GradleStart]: Running with arguments: [--userProperties, {"twitch_access_token":["l8wb0ko8l6feqs2g7poz8gwcb3gm6e2"]}, --assetsDir, C:/Users/ldspc/.gradle/caches/minecraft/assets, --assetIndex, 1.7.10, --userType, mojang, --accessToken, {REDACTED}, --version, 1.7.10, --uuid, e1cb3bf0635546989d0e6ddfafd3e4a1, --username, PiWalker, --tweakClass, cpw.mods.fml.common.launcher.FMLTweaker, --tweakClass, net.minecraftforge.gradle.tweakers.CoremodTweaker]
[16:54:50] [main/INFO] [LaunchWrapper]: Loading tweak class name cpw.mods.fml.common.launcher.FMLTweaker
[16:54:50] [main/INFO] [LaunchWrapper]: Using primary tweak class name cpw.mods.fml.common.launcher.FMLTweaker
[16:54:50] [main/INFO] [LaunchWrapper]: Loading tweak class name net.minecraftforge.gradle.tweakers.CoremodTweaker
[16:54:50] [main/INFO] [LaunchWrapper]: Calling tweak class cpw.mods.fml.common.launcher.FMLTweaker
[17:06:03] [main/INFO] [GradleStart]: username: ldspcjunkie@gmail.com
[17:06:03] [main/INFO] [GradleStart]: Extra: []
[17:06:03] [main/INFO] [GradleStart]: Password found, attempting login
[17:06:05] [main/INFO] [GradleStart]: Login Succesful!
[17:06:05] [main/INFO] [GradleStart]: Running with arguments: [--userProperties, {"twitch_access_token":["l8wb0ko8l6feqs2g7poz8gwcb3gm6e2"]}, --assetsDir, C:/Users/ldspc/.gradle/caches/minecraft/assets, --assetIndex, 1.7.10, --userType, mojang, --accessToken, {REDACTED}, --version, 1.7.10, --uuid, e1cb3bf0635546989d0e6ddfafd3e4a1, --username, PiWalker, --tweakClass, cpw.mods.fml.common.launcher.FMLTweaker, --tweakClass, net.minecraftforge.gradle.tweakers.CoremodTweaker]
[17:06:05] [main/INFO] [LaunchWrapper]: Loading tweak class name cpw.mods.fml.common.launcher.FMLTweaker
[17:06:05] [main/INFO] [LaunchWrapper]: Using primary tweak class name cpw.mods.fml.common.launcher.FMLTweaker
[17:06:05] [main/INFO] [LaunchWrapper]: Loading tweak class name net.minecraftforge.gradle.tweakers.CoremodTweaker
[17:06:05] [main/INFO] [LaunchWrapper]: Calling tweak class cpw.mods.fml.common.launcher.FMLTweaker
[17:23:53] [main/INFO] [GradleStart]: username: ldspcjunkie@gmail.com
[17:23:53] [main/INFO] [GradleStart]: Extra: []
[17:23:53] [main/INFO] [GradleStart]: Password found, attempting login
[17:23:54] [main/INFO] [GradleStart]: Login Succesful!
[17:23:55] [main/INFO] [GradleStart]: Running with arguments: [--userProperties, {"twitch_access_token":["l8wb0ko8l6feqs2g7poz8gwcb3gm6e2"]}, --assetsDir, C:/Users/ldspc/.gradle/caches/minecraft/assets, --assetIndex, 1.7.10, --userType, mojang, --accessToken, {REDACTED}, --version, 1.7.10, --uuid, e1cb3bf0635546989d0e6ddfafd3e4a1, --username, PiWalker, --tweakClass, cpw.mods.fml.common.launcher.FMLTweaker, --tweakClass, net.minecraftforge.gradle.tweakers.CoremodTweaker]
[17:23:55] [main/INFO] [LaunchWrapper]: Loading tweak class name cpw.mods.fml.common.launcher.FMLTweaker
[17:23:55] [main/INFO] [LaunchWrapper]: Using primary tweak class name cpw.mods.fml.common.launcher.FMLTweaker
[17:23:55] [main/INFO] [LaunchWrapper]: Loading tweak class name net.minecraftforge.gradle.tweakers.CoremodTweaker
[17:23:55] [main/INFO] [LaunchWrapper]: Calling tweak class cpw.mods.fml.common.launcher.FMLTweaker
[17:29:20] [main/INFO] [GradleStart]: username: ldspcjunkie@gmail.com
[17:29:20] [main/INFO] [GradleStart]: Extra: []
[17:29:20] [main/INFO] [GradleStart]: Password found, attempting login
[17:29:21] [main/INFO] [GradleStart]: Login Succesful!
[17:29:21] [main/INFO] [GradleStart]: Running with arguments: [--userProperties, {"twitch_access_token":["l8wb0ko8l6feqs2g7poz8gwcb3gm6e2"]}, --assetsDir, C:/Users/ldspc/.gradle/caches/minecraft/assets, --assetIndex, 1.7.10, --userType, mojang, --accessToken, {REDACTED}, --version, 1.7.10, --uuid, e1cb3bf0635546989d0e6ddfafd3e4a1, --username, PiWalker, --tweakClass, cpw.mods.fml.common.launcher.FMLTweaker, --tweakClass, net.minecraftforge.gradle.tweakers.CoremodTweaker]
[17:29:21] [main/INFO] [LaunchWrapper]: Loading tweak class name cpw.mods.fml.common.launcher.FMLTweaker
[17:29:21] [main/INFO] [LaunchWrapper]: Using primary tweak class name cpw.mods.fml.common.launcher.FMLTweaker
[17:29:21] [main/INFO] [LaunchWrapper]: Loading tweak class name net.minecraftforge.gradle.tweakers.CoremodTweaker
[17:29:21] [main/INFO] [LaunchWrapper]: Calling tweak class cpw.mods.fml.common.launcher.FMLTweaker
[17:10:04] [main/INFO] [GradleStart]: username: ldspcjunkie@gmail.com
[17:10:04] [main/INFO] [GradleStart]: Extra: []
[17:10:04] [main/INFO] [GradleStart]: Password found, attempting login
[17:10:05] [main/INFO] [GradleStart]: Login Succesful!
[17:10:05] [main/INFO] [GradleStart]: Running with arguments: [--userProperties, {"twitch_access_token":["l8wb0ko8l6feqs2g7poz8gwcb3gm6e2"]}, --assetsDir, C:/Users/PiWalker/.gradle/caches/minecraft/assets, --assetIndex, 1.7.10, --userType, mojang, --accessToken, {REDACTED}, --version, 1.7.10, --uuid, e1cb3bf0635546989d0e6ddfafd3e4a1, --username, PiWalker, --tweakClass, cpw.mods.fml.common.launcher.FMLTweaker, --tweakClass, net.minecraftforge.gradle.tweakers.CoremodTweaker]
[17:10:06] [main/INFO] [LaunchWrapper]: Loading tweak class name cpw.mods.fml.common.launcher.FMLTweaker
[17:10:06] [main/INFO] [LaunchWrapper]: Using primary tweak class name cpw.mods.fml.common.launcher.FMLTweaker
[17:10:06] [main/INFO] [LaunchWrapper]: Loading tweak class name net.minecraftforge.gradle.tweakers.CoremodTweaker
[17:10:06] [main/INFO] [LaunchWrapper]: Calling tweak class cpw.mods.fml.common.launcher.FMLTweaker
[17:13:24] [main/INFO] [GradleStart]: username: ldspcjunkie@gmail.com
[17:13:24] [main/INFO] [GradleStart]: Extra: []
[17:13:24] [main/INFO] [GradleStart]: Password found, attempting login
[17:13:25] [main/INFO] [GradleStart]: Login Succesful!
[17:13:25] [main/INFO] [GradleStart]: Running with arguments: [--userProperties, {"twitch_access_token":["l8wb0ko8l6feqs2g7poz8gwcb3gm6e2"]}, --assetsDir, C:/Users/PiWalker/.gradle/caches/minecraft/assets, --assetIndex, 1.7.10, --userType, mojang, --accessToken, {REDACTED}, --version, 1.7.10, --uuid, e1cb3bf0635546989d0e6ddfafd3e4a1, --username, PiWalker, --tweakClass, cpw.mods.fml.common.launcher.FMLTweaker, --tweakClass, net.minecraftforge.gradle.tweakers.CoremodTweaker]
[17:13:25] [main/INFO] [LaunchWrapper]: Loading tweak class name cpw.mods.fml.common.launcher.FMLTweaker
[17:13:25] [main/INFO] [LaunchWrapper]: Using primary tweak class name cpw.mods.fml.common.launcher.FMLTweaker
[17:13:25] [main/INFO] [LaunchWrapper]: Loading tweak class name net.minecraftforge.gradle.tweakers.CoremodTweaker
[17:13:25] [main/INFO] [LaunchWrapper]: Calling tweak class cpw.mods.fml.common.launcher.FMLTweaker
[17:16:02] [main/INFO] [GradleStart]: username: ldspcjunkie@gmail.com
[17:16:02] [main/INFO] [GradleStart]: Extra: []
[17:16:02] [main/INFO] [GradleStart]: Password found, attempting login
[17:16:04] [main/INFO] [GradleStart]: Login Succesful!
[17:16:04] [main/INFO] [GradleStart]: Running with arguments: [--userProperties, {"twitch_access_token":["l8wb0ko8l6feqs2g7poz8gwcb3gm6e2"]}, --assetsDir, C:/Users/PiWalker/.gradle/caches/minecraft/assets, --assetIndex, 1.7.10, --userType, mojang, --accessToken, {REDACTED}, --version, 1.7.10, --uuid, e1cb3bf0635546989d0e6ddfafd3e4a1, --username, PiWalker, --tweakClass, cpw.mods.fml.common.launcher.FMLTweaker, --tweakClass, net.minecraftforge.gradle.tweakers.CoremodTweaker]
[17:16:04] [main/INFO] [LaunchWrapper]: Loading tweak class name cpw.mods.fml.common.launcher.FMLTweaker
[17:16:04] [main/INFO] [LaunchWrapper]: Using primary tweak class name cpw.mods.fml.common.launcher.FMLTweaker
[17:16:04] [main/INFO] [LaunchWrapper]: Loading tweak class name net.minecraftforge.gradle.tweakers.CoremodTweaker
[17:16:04] [main/INFO] [LaunchWrapper]: Calling tweak class cpw.mods.fml.common.launcher.FMLTweaker
[17:26:19] [main/INFO] [GradleStart]: username: ldspcjunkie@gmail.com
[17:26:19] [main/INFO] [GradleStart]: Extra: []
[17:26:19] [main/INFO] [GradleStart]: Password found, attempting login
[17:26:21] [main/INFO] [GradleStart]: Login Succesful!
[17:26:21] [main/INFO] [GradleStart]: Running with arguments: [--userProperties, {"twitch_access_token":["l8wb0ko8l6feqs2g7poz8gwcb3gm6e2"]}, --assetsDir, C:/Users/PiWalker/.gradle/caches/minecraft/assets, --assetIndex, 1.7.10, --userType, mojang, --accessToken, {REDACTED}, --version, 1.7.10, --uuid, e1cb3bf0635546989d0e6ddfafd3e4a1, --username, PiWalker, --tweakClass, cpw.mods.fml.common.launcher.FMLTweaker, --tweakClass, net.minecraftforge.gradle.tweakers.CoremodTweaker]
[17:26:21] [main/INFO] [LaunchWrapper]: Loading tweak class name cpw.mods.fml.common.launcher.FMLTweaker
[17:26:21] [main/INFO] [LaunchWrapper]: Using primary tweak class name cpw.mods.fml.common.launcher.FMLTweaker
[17:26:21] [main/INFO] [LaunchWrapper]: Loading tweak class name net.minecraftforge.gradle.tweakers.CoremodTweaker
[17:26:21] [main/INFO] [LaunchWrapper]: Calling tweak class cpw.mods.fml.common.launcher.FMLTweaker
[17:31:05] [main/INFO] [GradleStart]: username: ldspcjunkie@gmail.com
[17:31:05] [main/INFO] [GradleStart]: Extra: []
[17:31:05] [main/INFO] [GradleStart]: Password found, attempting login
[17:31:06] [main/INFO] [GradleStart]: Login Succesful!
[17:31:06] [main/INFO] [GradleStart]: Running with arguments: [--userProperties, {"twitch_access_token":["l8wb0ko8l6feqs2g7poz8gwcb3gm6e2"]}, --assetsDir, C:/Users/PiWalker/.gradle/caches/minecraft/assets, --assetIndex, 1.7.10, --userType, mojang, --accessToken, {REDACTED}, --version, 1.7.10, --uuid, e1cb3bf0635546989d0e6ddfafd3e4a1, --username, PiWalker, --tweakClass, cpw.mods.fml.common.launcher.FMLTweaker, --tweakClass, net.minecraftforge.gradle.tweakers.CoremodTweaker]
[17:31:06] [main/INFO] [LaunchWrapper]: Loading tweak class name cpw.mods.fml.common.launcher.FMLTweaker
[17:31:06] [main/INFO] [LaunchWrapper]: Using primary tweak class name cpw.mods.fml.common.launcher.FMLTweaker
[17:31:06] [main/INFO] [LaunchWrapper]: Loading tweak class name net.minecraftforge.gradle.tweakers.CoremodTweaker
[17:31:06] [main/INFO] [LaunchWrapper]: Calling tweak class cpw.mods.fml.common.launcher.FMLTweaker
[17:33:25] [main/INFO] [GradleStart]: username: ldspcjunkie@gmail.com
[17:33:25] [main/INFO] [GradleStart]: Extra: []
[17:33:25] [main/INFO] [GradleStart]: Password found, attempting login
[17:33:26] [main/INFO] [GradleStart]: Login Succesful!
[17:33:26] [main/INFO] [GradleStart]: Running with arguments: [--userProperties, {"twitch_access_token":["l8wb0ko8l6feqs2g7poz8gwcb3gm6e2"]}, --assetsDir, C:/Users/PiWalker/.gradle/caches/minecraft/assets, --assetIndex, 1.7.10, --userType, mojang, --accessToken, {REDACTED}, --version, 1.7.10, --uuid, e1cb3bf0635546989d0e6ddfafd3e4a1, --username, PiWalker, --tweakClass, cpw.mods.fml.common.launcher.FMLTweaker, --tweakClass, net.minecraftforge.gradle.tweakers.CoremodTweaker]
[17:33:26] [main/INFO] [LaunchWrapper]: Loading tweak class name cpw.mods.fml.common.launcher.FMLTweaker
[17:33:26] [main/INFO] [LaunchWrapper]: Using primary tweak class name cpw.mods.fml.common.launcher.FMLTweaker
[17:33:26] [main/INFO] [LaunchWrapper]: Loading tweak class name net.minecraftforge.gradle.tweakers.CoremodTweaker
[17:33:26] [main/INFO] [LaunchWrapper]: Calling tweak class cpw.mods.fml.common.launcher.FMLTweaker
[17:52:50] [main/INFO] [GradleStart]: username: ldspcjunkie@gmail.com
[17:52:50] [main/INFO] [GradleStart]: Extra: []
[17:52:50] [main/INFO] [GradleStart]: Password found, attempting login
[17:52:51] [main/INFO] [GradleStart]: Login Succesful!
[17:52:52] [main/INFO] [GradleStart]: Running with arguments: [--userProperties, {"twitch_access_token":["l8wb0ko8l6feqs2g7poz8gwcb3gm6e2"]}, --assetsDir, C:/Users/PiWalker/.gradle/caches/minecraft/assets, --assetIndex, 1.7.10, --userType, mojang, --accessToken, {REDACTED}, --version, 1.7.10, --uuid, e1cb3bf0635546989d0e6ddfafd3e4a1, --username, PiWalker, --tweakClass, cpw.mods.fml.common.launcher.FMLTweaker, --tweakClass, net.minecraftforge.gradle.tweakers.CoremodTweaker]
[17:52:52] [main/INFO] [LaunchWrapper]: Loading tweak class name cpw.mods.fml.common.launcher.FMLTweaker
[17:52:52] [main/INFO] [LaunchWrapper]: Using primary tweak class name cpw.mods.fml.common.launcher.FMLTweaker
[17:52:52] [main/INFO] [LaunchWrapper]: Loading tweak class name net.minecraftforge.gradle.tweakers.CoremodTweaker
[17:52:52] [main/INFO] [LaunchWrapper]: Calling tweak class cpw.mods.fml.common.launcher.FMLTweaker
[17:53:17] [main/INFO] [GradleStart]: username: ldspcjunkie@gmail.com
[17:53:17] [main/INFO] [GradleStart]: Extra: []
[17:53:17] [main/INFO] [GradleStart]: Password found, attempting login
[17:53:19] [main/INFO] [GradleStart]: Login Succesful!
[17:53:19] [main/INFO] [GradleStart]: Running with arguments: [--userProperties, {"twitch_access_token":["l8wb0ko8l6feqs2g7poz8gwcb3gm6e2"]}, --assetsDir, C:/Users/PiWalker/.gradle/caches/minecraft/assets, --assetIndex, 1.7.10, --userType, mojang, --accessToken, {REDACTED}, --version, 1.7.10, --uuid, e1cb3bf0635546989d0e6ddfafd3e4a1, --username, PiWalker, --tweakClass, cpw.mods.fml.common.launcher.FMLTweaker, --tweakClass, net.minecraftforge.gradle.tweakers.CoremodTweaker]
[17:53:19] [main/INFO] [LaunchWrapper]: Loading tweak class name cpw.mods.fml.common.launcher.FMLTweaker
[17:53:19] [main/INFO] [LaunchWrapper]: Using primary tweak class name cpw.mods.fml.common.launcher.FMLTweaker
[17:53:19] [main/INFO] [LaunchWrapper]: Loading tweak class name net.minecraftforge.gradle.tweakers.CoremodTweaker
[17:53:19] [main/INFO] [LaunchWrapper]: Calling tweak class cpw.mods.fml.common.launcher.FMLTweaker
[19:27:40] [main/INFO] [GradleStart]: username: ldspcjunkie@gmail.com
[19:27:40] [main/INFO] [GradleStart]: Extra: []
[19:27:40] [main/INFO] [GradleStart]: Password found, attempting login
[19:27:42] [main/INFO] [GradleStart]: Login Succesful!
[19:27:42] [main/INFO] [GradleStart]: Running with arguments: [--userProperties, {"twitch_access_token":["l8wb0ko8l6feqs2g7poz8gwcb3gm6e2"]}, --assetsDir, C:/Users/PiWalker/.gradle/caches/minecraft/assets, --assetIndex, 1.7.10, --userType, mojang, --accessToken, {REDACTED}, --version, 1.7.10, --uuid, e1cb3bf0635546989d0e6ddfafd3e4a1, --username, PiWalker, --tweakClass, cpw.mods.fml.common.launcher.FMLTweaker, --tweakClass, net.minecraftforge.gradle.tweakers.CoremodTweaker]
[19:27:42] [main/INFO] [LaunchWrapper]: Loading tweak class name cpw.mods.fml.common.launcher.FMLTweaker
[19:27:43] [main/INFO] [LaunchWrapper]: Using primary tweak class name cpw.mods.fml.common.launcher.FMLTweaker
[19:27:43] [main/INFO] [LaunchWrapper]: Loading tweak class name net.minecraftforge.gradle.tweakers.CoremodTweaker
[19:27:43] [main/INFO] [LaunchWrapper]: Calling tweak class cpw.mods.fml.common.launcher.FMLTweaker
[19:30:10] [main/INFO] [GradleStart]: username: ldspcjunkie@gmail.com
[19:30:10] [main/INFO] [GradleStart]: Extra: []
[19:30:10] [main/INFO] [GradleStart]: Password found, attempting login
[19:30:11] [main/INFO] [GradleStart]: Login Succesful!
[19:30:12] [main/INFO] [GradleStart]: Running with arguments: [--userProperties, {"twitch_access_token":["l8wb0ko8l6feqs2g7poz8gwcb3gm6e2"]}, --assetsDir, C:/Users/PiWalker/.gradle/caches/minecraft/assets, --assetIndex, 1.7.10, --userType, mojang, --accessToken, {REDACTED}, --version, 1.7.10, --uuid, e1cb3bf0635546989d0e6ddfafd3e4a1, --username, PiWalker, --tweakClass, cpw.mods.fml.common.launcher.FMLTweaker, --tweakClass, net.minecraftforge.gradle.tweakers.CoremodTweaker]
[19:30:12] [main/INFO] [LaunchWrapper]: Loading tweak class name cpw.mods.fml.common.launcher.FMLTweaker
[19:30:12] [main/INFO] [LaunchWrapper]: Using primary tweak class name cpw.mods.fml.common.launcher.FMLTweaker
[19:30:12] [main/INFO] [LaunchWrapper]: Loading tweak class name net.minecraftforge.gradle.tweakers.CoremodTweaker
[19:30:12] [main/INFO] [LaunchWrapper]: Calling tweak class cpw.mods.fml.common.launcher.FMLTweaker
[19:43:06] [main/INFO] [GradleStart]: username: ldspcjunkie@gmail.com
[19:43:07] [main/INFO] [GradleStart]: Extra: []
[19:43:07] [main/INFO] [GradleStart]: Password found, attempting login
[19:43:08] [main/INFO] [GradleStart]: Login Succesful!
[19:43:08] [main/INFO] [GradleStart]: Running with arguments: [--userProperties, {"twitch_access_token":["l8wb0ko8l6feqs2g7poz8gwcb3gm6e2"]}, --assetsDir, C:/Users/PiWalker/.gradle/caches/minecraft/assets, --assetIndex, 1.7.10, --userType, mojang, --accessToken, {REDACTED}, --version, 1.7.10, --uuid, e1cb3bf0635546989d0e6ddfafd3e4a1, --username, PiWalker, --tweakClass, cpw.mods.fml.common.launcher.FMLTweaker, --tweakClass, net.minecraftforge.gradle.tweakers.CoremodTweaker]
[19:43:08] [main/INFO] [LaunchWrapper]: Loading tweak class name cpw.mods.fml.common.launcher.FMLTweaker
[19:43:08] [main/INFO] [LaunchWrapper]: Using primary tweak class name cpw.mods.fml.common.launcher.FMLTweaker
[19:43:08] [main/INFO] [LaunchWrapper]: Loading tweak class name net.minecraftforge.gradle.tweakers.CoremodTweaker
[19:43:08] [main/INFO] [LaunchWrapper]: Calling tweak class cpw.mods.fml.common.launcher.FMLTweaker
[19:43:33] [main/INFO] [GradleStart]: username: ldspcjunkie@gmail.com
[19:43:33] [main/INFO] [GradleStart]: Extra: []
[19:43:33] [main/INFO] [GradleStart]: Password found, attempting login
[19:43:34] [main/INFO] [GradleStart]: Login Succesful!
[19:43:34] [main/INFO] [GradleStart]: Running with arguments: [--userProperties, {"twitch_access_token":["l8wb0ko8l6feqs2g7poz8gwcb3gm6e2"]}, --assetsDir, C:/Users/PiWalker/.gradle/caches/minecraft/assets, --assetIndex, 1.7.10, --userType, mojang, --accessToken, {REDACTED}, --version, 1.7.10, --uuid, e1cb3bf0635546989d0e6ddfafd3e4a1, --username, PiWalker, --tweakClass, cpw.mods.fml.common.launcher.FMLTweaker, --tweakClass, net.minecraftforge.gradle.tweakers.CoremodTweaker]
[19:43:34] [main/INFO] [LaunchWrapper]: Loading tweak class name cpw.mods.fml.common.launcher.FMLTweaker
[19:43:34] [main/INFO] [LaunchWrapper]: Using primary tweak class name cpw.mods.fml.common.launcher.FMLTweaker
[19:43:34] [main/INFO] [LaunchWrapper]: Loading tweak class name net.minecraftforge.gradle.tweakers.CoremodTweaker
[19:43:34] [main/INFO] [LaunchWrapper]: Calling tweak class cpw.mods.fml.common.launcher.FMLTweaker
[19:47:24] [main/INFO] [GradleStart]: username: ldspcjunkie@gmail.com
[19:47:24] [main/INFO] [GradleStart]: Extra: []
[19:47:24] [main/INFO] [GradleStart]: Password found, attempting login
[19:47:26] [main/INFO] [GradleStart]: Login Succesful!
[19:47:26] [main/INFO] [GradleStart]: Running with arguments: [--userProperties, {"twitch_access_token":["l8wb0ko8l6feqs2g7poz8gwcb3gm6e2"]}, --assetsDir, C:/Users/PiWalker/.gradle/caches/minecraft/assets, --assetIndex, 1.7.10, --userType, mojang, --accessToken, {REDACTED}, --version, 1.7.10, --uuid, e1cb3bf0635546989d0e6ddfafd3e4a1, --username, PiWalker, --tweakClass, cpw.mods.fml.common.launcher.FMLTweaker, --tweakClass, net.minecraftforge.gradle.tweakers.CoremodTweaker]
[19:47:26] [main/INFO] [LaunchWrapper]: Loading tweak class name cpw.mods.fml.common.launcher.FMLTweaker
[19:47:26] [main/INFO] [LaunchWrapper]: Using primary tweak class name cpw.mods.fml.common.launcher.FMLTweaker
[19:47:26] [main/INFO] [LaunchWrapper]: Loading tweak class name net.minecraftforge.gradle.tweakers.CoremodTweaker
[19:47:26] [main/INFO] [LaunchWrapper]: Calling tweak class cpw.mods.fml.common.launcher.FMLTweaker
[19:55:23] [main/INFO] [GradleStart]: username: ldspcjunkie@gmail.com
[19:55:23] [main/INFO] [GradleStart]: Extra: []
[19:55:23] [main/INFO] [GradleStart]: Password found, attempting login
[19:55:25] [main/INFO] [GradleStart]: Login Succesful!
[19:55:25] [main/INFO] [GradleStart]: Running with arguments: [--userProperties, {"twitch_access_token":["l8wb0ko8l6feqs2g7poz8gwcb3gm6e2"]}, --assetsDir, C:/Users/PiWalker/.gradle/caches/minecraft/assets, --assetIndex, 1.7.10, --userType, mojang, --accessToken, {REDACTED}, --version, 1.7.10, --uuid, e1cb3bf0635546989d0e6ddfafd3e4a1, --username, PiWalker, --tweakClass, cpw.mods.fml.common.launcher.FMLTweaker, --tweakClass, net.minecraftforge.gradle.tweakers.CoremodTweaker]
[19:55:25] [main/INFO] [LaunchWrapper]: Loading tweak class name cpw.mods.fml.common.launcher.FMLTweaker
[19:55:25] [main/INFO] [LaunchWrapper]: Using primary tweak class name cpw.mods.fml.common.launcher.FMLTweaker
[19:55:25] [main/INFO] [LaunchWrapper]: Loading tweak class name net.minecraftforge.gradle.tweakers.CoremodTweaker
[19:55:25] [main/INFO] [LaunchWrapper]: Calling tweak class cpw.mods.fml.common.launcher.FMLTweaker
[10:35:23] [main/INFO] [GradleStart]: username: ldspcjunkie@gmail.com
[10:35:23] [main/INFO] [GradleStart]: Extra: []
[10:35:23] [main/INFO] [GradleStart]: Password found, attempting login
[10:35:24] [main/INFO] [GradleStart]: Login Succesful!
[10:35:24] [main/INFO] [GradleStart]: Running with arguments: [--userProperties, {"twitch_access_token":["l8wb0ko8l6feqs2g7poz8gwcb3gm6e2"]}, --assetsDir, C:/Users/PiWalker/.gradle/caches/minecraft/assets, --assetIndex, 1.7.10, --userType, mojang, --accessToken, {REDACTED}, --version, 1.7.10, --uuid, e1cb3bf0635546989d0e6ddfafd3e4a1, --username, PiWalker, --tweakClass, cpw.mods.fml.common.launcher.FMLTweaker, --tweakClass, net.minecraftforge.gradle.tweakers.CoremodTweaker]
[10:35:24] [main/INFO] [LaunchWrapper]: Loading tweak class name cpw.mods.fml.common.launcher.FMLTweaker
[10:35:24] [main/INFO] [LaunchWrapper]: Using primary tweak class name cpw.mods.fml.common.launcher.FMLTweaker
[10:35:24] [main/INFO] [LaunchWrapper]: Loading tweak class name net.minecraftforge.gradle.tweakers.CoremodTweaker
[10:35:24] [main/INFO] [LaunchWrapper]: Calling tweak class cpw.mods.fml.common.launcher.FMLTweaker
[10:38:52] [main/INFO] [GradleStart]: username: ldspcjunkie@gmail.com
[10:38:52] [main/INFO] [GradleStart]: Extra: []
[10:38:52] [main/INFO] [GradleStart]: Password found, attempting login
[10:38:54] [main/INFO] [GradleStart]: Login Succesful!
[10:38:54] [main/INFO] [GradleStart]: Running with arguments: [--userProperties, {"twitch_access_token":["l8wb0ko8l6feqs2g7poz8gwcb3gm6e2"]}, --assetsDir, C:/Users/PiWalker/.gradle/caches/minecraft/assets, --assetIndex, 1.7.10, --userType, mojang, --accessToken, {REDACTED}, --version, 1.7.10, --uuid, e1cb3bf0635546989d0e6ddfafd3e4a1, --username, PiWalker, --tweakClass, cpw.mods.fml.common.launcher.FMLTweaker, --tweakClass, net.minecraftforge.gradle.tweakers.CoremodTweaker]
[10:38:54] [main/INFO] [LaunchWrapper]: Loading tweak class name cpw.mods.fml.common.launcher.FMLTweaker
[10:38:54] [main/INFO] [LaunchWrapper]: Using primary tweak class name cpw.mods.fml.common.launcher.FMLTweaker
[10:38:54] [main/INFO] [LaunchWrapper]: Loading tweak class name net.minecraftforge.gradle.tweakers.CoremodTweaker
[10:38:54] [main/INFO] [LaunchWrapper]: Calling tweak class cpw.mods.fml.common.launcher.FMLTweaker
[10:41:59] [main/INFO] [GradleStart]: username: ldspcjunkie@gmail.com
[10:41:59] [main/INFO] [GradleStart]: Extra: []
[10:41:59] [main/INFO] [GradleStart]: Password found, attempting login
[10:42:00] [main/INFO] [GradleStart]: Login Succesful!
[10:42:01] [main/INFO] [GradleStart]: Running with arguments: [--userProperties, {"twitch_access_token":["l8wb0ko8l6feqs2g7poz8gwcb3gm6e2"]}, --assetsDir, C:/Users/PiWalker/.gradle/caches/minecraft/assets, --assetIndex, 1.7.10, --userType, mojang, --accessToken, {REDACTED}, --version, 1.7.10, --uuid, e1cb3bf0635546989d0e6ddfafd3e4a1, --username, PiWalker, --tweakClass, cpw.mods.fml.common.launcher.FMLTweaker, --tweakClass, net.minecraftforge.gradle.tweakers.CoremodTweaker]
[10:42:01] [main/INFO] [LaunchWrapper]: Loading tweak class name cpw.mods.fml.common.launcher.FMLTweaker
[10:42:01] [main/INFO] [LaunchWrapper]: Using primary tweak class name cpw.mods.fml.common.launcher.FMLTweaker
[10:42:01] [main/INFO] [LaunchWrapper]: Loading tweak class name net.minecraftforge.gradle.tweakers.CoremodTweaker
[10:42:01] [main/INFO] [LaunchWrapper]: Calling tweak class cpw.mods.fml.common.launcher.FMLTweaker
[10:45:17] [main/INFO] [GradleStart]: username: ldspcjunkie@gmail.com
[10:45:17] [main/INFO] [GradleStart]: Extra: []
[10:45:17] [main/INFO] [GradleStart]: Password found, attempting login
[10:45:19] [main/INFO] [GradleStart]: Login Succesful!
[10:45:19] [main/INFO] [GradleStart]: Running with arguments: [--userProperties, {"twitch_access_token":["l8wb0ko8l6feqs2g7poz8gwcb3gm6e2"]}, --assetsDir, C:/Users/PiWalker/.gradle/caches/minecraft/assets, --assetIndex, 1.7.10, --userType, mojang, --accessToken, {REDACTED}, --version, 1.7.10, --uuid, e1cb3bf0635546989d0e6ddfafd3e4a1, --username, PiWalker, --tweakClass, cpw.mods.fml.common.launcher.FMLTweaker, --tweakClass, net.minecraftforge.gradle.tweakers.CoremodTweaker]
[10:45:19] [main/INFO] [LaunchWrapper]: Loading tweak class name cpw.mods.fml.common.launcher.FMLTweaker
[10:45:19] [main/INFO] [LaunchWrapper]: Using primary tweak class name cpw.mods.fml.common.launcher.FMLTweaker
[10:45:19] [main/INFO] [LaunchWrapper]: Loading tweak class name net.minecraftforge.gradle.tweakers.CoremodTweaker
[10:45:19] [main/INFO] [LaunchWrapper]: Calling tweak class cpw.mods.fml.common.launcher.FMLTweaker
[11:07:26] [main/INFO] [GradleStart]: username: ldspcjunkie@gmail.com
[11:07:26] [main/INFO] [GradleStart]: Extra: []
[11:07:26] [main/INFO] [GradleStart]: Password found, attempting login
[11:07:28] [main/INFO] [GradleStart]: Login Succesful!
[11:07:28] [main/INFO] [GradleStart]: Running with arguments: [--userProperties, {"twitch_access_token":["l8wb0ko8l6feqs2g7poz8gwcb3gm6e2"]}, --assetsDir, C:/Users/PiWalker/.gradle/caches/minecraft/assets, --assetIndex, 1.7.10, --userType, mojang, --accessToken, {REDACTED}, --version, 1.7.10, --uuid, e1cb3bf0635546989d0e6ddfafd3e4a1, --username, PiWalker, --tweakClass, cpw.mods.fml.common.launcher.FMLTweaker, --tweakClass, net.minecraftforge.gradle.tweakers.CoremodTweaker]
[11:07:28] [main/INFO] [LaunchWrapper]: Loading tweak class name cpw.mods.fml.common.launcher.FMLTweaker
[11:07:28] [main/INFO] [LaunchWrapper]: Using primary tweak class name cpw.mods.fml.common.launcher.FMLTweaker
[11:07:28] [main/INFO] [LaunchWrapper]: Loading tweak class name net.minecraftforge.gradle.tweakers.CoremodTweaker
[11:07:28] [main/INFO] [LaunchWrapper]: Calling tweak class cpw.mods.fml.common.launcher.FMLTweaker
[11:11:11] [main/INFO] [GradleStart]: username: ldspcjunkie@gmail.com
[11:11:11] [main/INFO] [GradleStart]: Extra: []
[11:11:11] [main/INFO] [GradleStart]: Password found, attempting login
[11:11:13] [main/INFO] [GradleStart]: Login Succesful!
[11:11:13] [main/INFO] [GradleStart]: Running with arguments: [--userProperties, {"twitch_access_token":["l8wb0ko8l6feqs2g7poz8gwcb3gm6e2"]}, --assetsDir, C:/Users/PiWalker/.gradle/caches/minecraft/assets, --assetIndex, 1.7.10, --userType, mojang, --accessToken, {REDACTED}, --version, 1.7.10, --uuid, e1cb3bf0635546989d0e6ddfafd3e4a1, --username, PiWalker, --tweakClass, cpw.mods.fml.common.launcher.FMLTweaker, --tweakClass, net.minecraftforge.gradle.tweakers.CoremodTweaker]
[11:11:14] [main/INFO] [LaunchWrapper]: Loading tweak class name cpw.mods.fml.common.launcher.FMLTweaker
[11:11:14] [main/INFO] [LaunchWrapper]: Using primary tweak class name cpw.mods.fml.common.launcher.FMLTweaker
[11:11:14] [main/INFO] [LaunchWrapper]: Loading tweak class name net.minecraftforge.gradle.tweakers.CoremodTweaker
[11:11:14] [main/INFO] [LaunchWrapper]: Calling tweak class cpw.mods.fml.common.launcher.FMLTweaker
[11:21:42] [main/INFO] [GradleStart]: username: ldspcjunkie@gmail.com
[11:21:42] [main/INFO] [GradleStart]: Extra: []
[11:21:42] [main/INFO] [GradleStart]: Password found, attempting login
[11:21:43] [main/INFO] [GradleStart]: Login Succesful!
[11:21:43] [main/INFO] [GradleStart]: Running with arguments: [--userProperties, {"twitch_access_token":["l8wb0ko8l6feqs2g7poz8gwcb3gm6e2"]}, --assetsDir, C:/Users/PiWalker/.gradle/caches/minecraft/assets, --assetIndex, 1.7.10, --userType, mojang, --accessToken, {REDACTED}, --version, 1.7.10, --uuid, e1cb3bf0635546989d0e6ddfafd3e4a1, --username, PiWalker, --tweakClass, cpw.mods.fml.common.launcher.FMLTweaker, --tweakClass, net.minecraftforge.gradle.tweakers.CoremodTweaker]
[11:21:43] [main/INFO] [LaunchWrapper]: Loading tweak class name cpw.mods.fml.common.launcher.FMLTweaker
[11:21:43] [main/INFO] [LaunchWrapper]: Using primary tweak class name cpw.mods.fml.common.launcher.FMLTweaker
[11:21:43] [main/INFO] [LaunchWrapper]: Loading tweak class name net.minecraftforge.gradle.tweakers.CoremodTweaker
[11:21:43] [main/INFO] [LaunchWrapper]: Calling tweak class cpw.mods.fml.common.launcher.FMLTweaker
[11:23:22] [main/INFO] [GradleStart]: username: ldspcjunkie@gmail.com
[11:23:22] [main/INFO] [GradleStart]: Extra: []
[11:23:22] [main/INFO] [GradleStart]: Password found, attempting login
[11:23:23] [main/INFO] [GradleStart]: Login Succesful!
[11:23:24] [main/INFO] [GradleStart]: Running with arguments: [--userProperties, {"twitch_access_token":["l8wb0ko8l6feqs2g7poz8gwcb3gm6e2"]}, --assetsDir, C:/Users/PiWalker/.gradle/caches/minecraft/assets, --assetIndex, 1.7.10, --userType, mojang, --accessToken, {REDACTED}, --version, 1.7.10, --uuid, e1cb3bf0635546989d0e6ddfafd3e4a1, --username, PiWalker, --tweakClass, cpw.mods.fml.common.launcher.FMLTweaker, --tweakClass, net.minecraftforge.gradle.tweakers.CoremodTweaker]
[11:23:24] [main/INFO] [LaunchWrapper]: Loading tweak class name cpw.mods.fml.common.launcher.FMLTweaker
[11:23:24] [main/INFO] [LaunchWrapper]: Using primary tweak class name cpw.mods.fml.common.launcher.FMLTweaker
[11:23:24] [main/INFO] [LaunchWrapper]: Loading tweak class name net.minecraftforge.gradle.tweakers.CoremodTweaker
[11:23:24] [main/INFO] [LaunchWrapper]: Calling tweak class cpw.mods.fml.common.launcher.FMLTweaker
[11:31:04] [main/INFO] [GradleStart]: username: ldspcjunkie@gmail.com
[11:31:04] [main/INFO] [GradleStart]: Extra: []
[11:31:04] [main/INFO] [GradleStart]: Password found, attempting login
[11:31:06] [main/INFO] [GradleStart]: Login Succesful!
[11:31:06] [main/INFO] [GradleStart]: Running with arguments: [--userProperties, {"twitch_access_token":["l8wb0ko8l6feqs2g7poz8gwcb3gm6e2"]}, --assetsDir, C:/Users/PiWalker/.gradle/caches/minecraft/assets, --assetIndex, 1.7.10, --userType, mojang, --accessToken, {REDACTED}, --version, 1.7.10, --uuid, e1cb3bf0635546989d0e6ddfafd3e4a1, --username, PiWalker, --tweakClass, cpw.mods.fml.common.launcher.FMLTweaker, --tweakClass, net.minecraftforge.gradle.tweakers.CoremodTweaker]
[11:31:06] [main/INFO] [LaunchWrapper]: Loading tweak class name cpw.mods.fml.common.launcher.FMLTweaker
[11:31:06] [main/INFO] [LaunchWrapper]: Using primary tweak class name cpw.mods.fml.common.launcher.FMLTweaker
[11:31:06] [main/INFO] [LaunchWrapper]: Loading tweak class name net.minecraftforge.gradle.tweakers.CoremodTweaker
[11:31:06] [main/INFO] [LaunchWrapper]: Calling tweak class cpw.mods.fml.common.launcher.FMLTweaker
[11:32:45] [main/INFO] [GradleStart]: username: ldspcjunkie@gmail.com
[11:32:45] [main/INFO] [GradleStart]: Extra: []
[11:32:45] [main/INFO] [GradleStart]: Password found, attempting login
[11:32:47] [main/INFO] [GradleStart]: Login Succesful!
[11:32:47] [main/INFO] [GradleStart]: Running with arguments: [--userProperties, {"twitch_access_token":["l8wb0ko8l6feqs2g7poz8gwcb3gm6e2"]}, --assetsDir, C:/Users/PiWalker/.gradle/caches/minecraft/assets, --assetIndex, 1.7.10, --userType, mojang, --accessToken, {REDACTED}, --version, 1.7.10, --uuid, e1cb3bf0635546989d0e6ddfafd3e4a1, --username, PiWalker, --tweakClass, cpw.mods.fml.common.launcher.FMLTweaker, --tweakClass, net.minecraftforge.gradle.tweakers.CoremodTweaker]
[11:32:47] [main/INFO] [LaunchWrapper]: Loading tweak class name cpw.mods.fml.common.launcher.FMLTweaker
[11:32:47] [main/INFO] [LaunchWrapper]: Using primary tweak class name cpw.mods.fml.common.launcher.FMLTweaker
[11:32:47] [main/INFO] [LaunchWrapper]: Loading tweak class name net.minecraftforge.gradle.tweakers.CoremodTweaker
[11:32:47] [main/INFO] [LaunchWrapper]: Calling tweak class cpw.mods.fml.common.launcher.FMLTweaker
[11:40:20] [main/INFO] [GradleStart]: username: ldspcjunkie@gmail.com
[11:40:20] [main/INFO] [GradleStart]: Extra: []
[11:40:20] [main/INFO] [GradleStart]: Password found, attempting login
[11:40:22] [main/INFO] [GradleStart]: Login Succesful!
[11:40:22] [main/INFO] [GradleStart]: Running with arguments: [--userProperties, {"twitch_access_token":["l8wb0ko8l6feqs2g7poz8gwcb3gm6e2"]}, --assetsDir, C:/Users/PiWalker/.gradle/caches/minecraft/assets, --assetIndex, 1.7.10, --userType, mojang, --accessToken, {REDACTED}, --version, 1.7.10, --uuid, e1cb3bf0635546989d0e6ddfafd3e4a1, --username, PiWalker, --tweakClass, cpw.mods.fml.common.launcher.FMLTweaker, --tweakClass, net.minecraftforge.gradle.tweakers.CoremodTweaker]
[11:40:22] [main/INFO] [LaunchWrapper]: Loading tweak class name cpw.mods.fml.common.launcher.FMLTweaker
[11:40:22] [main/INFO] [LaunchWrapper]: Using primary tweak class name cpw.mods.fml.common.launcher.FMLTweaker
[11:40:22] [main/INFO] [LaunchWrapper]: Loading tweak class name net.minecraftforge.gradle.tweakers.CoremodTweaker
[11:40:22] [main/INFO] [LaunchWrapper]: Calling tweak class cpw.mods.fml.common.launcher.FMLTweaker
[11:43:48] [main/INFO] [GradleStart]: username: ldspcjunkie@gmail.com
[11:43:48] [main/INFO] [GradleStart]: Extra: []
[11:43:48] [main/INFO] [GradleStart]: Password found, attempting login
[11:43:50] [main/INFO] [GradleStart]: Login Succesful!
[11:43:50] [main/INFO] [GradleStart]: Running with arguments: [--userProperties, {"twitch_access_token":["l8wb0ko8l6feqs2g7poz8gwcb3gm6e2"]}, --assetsDir, C:/Users/PiWalker/.gradle/caches/minecraft/assets, --assetIndex, 1.7.10, --userType, mojang, --accessToken, {REDACTED}, --version, 1.7.10, --uuid, e1cb3bf0635546989d0e6ddfafd3e4a1, --username, PiWalker, --tweakClass, cpw.mods.fml.common.launcher.FMLTweaker, --tweakClass, net.minecraftforge.gradle.tweakers.CoremodTweaker]
[11:43:50] [main/INFO] [LaunchWrapper]: Loading tweak class name cpw.mods.fml.common.launcher.FMLTweaker
[11:43:50] [main/INFO] [LaunchWrapper]: Using primary tweak class name cpw.mods.fml.common.launcher.FMLTweaker
[11:43:50] [main/INFO] [LaunchWrapper]: Loading tweak class name net.minecraftforge.gradle.tweakers.CoremodTweaker
[11:43:50] [main/INFO] [LaunchWrapper]: Calling tweak class cpw.mods.fml.common.launcher.FMLTweaker
[11:47:09] [main/INFO] [GradleStart]: username: ldspcjunkie@gmail.com
[11:47:09] [main/INFO] [GradleStart]: Extra: []
[11:47:09] [main/INFO] [GradleStart]: Password found, attempting login
[11:47:11] [main/INFO] [GradleStart]: Login Succesful!
[11:47:11] [main/INFO] [GradleStart]: Running with arguments: [--userProperties, {"twitch_access_token":["l8wb0ko8l6feqs2g7poz8gwcb3gm6e2"]}, --assetsDir, C:/Users/PiWalker/.gradle/caches/minecraft/assets, --assetIndex, 1.7.10, --userType, mojang, --accessToken, {REDACTED}, --version, 1.7.10, --uuid, e1cb3bf0635546989d0e6ddfafd3e4a1, --username, PiWalker, --tweakClass, cpw.mods.fml.common.launcher.FMLTweaker, --tweakClass, net.minecraftforge.gradle.tweakers.CoremodTweaker]
[11:47:11] [main/INFO] [LaunchWrapper]: Loading tweak class name cpw.mods.fml.common.launcher.FMLTweaker
[11:47:12] [main/INFO] [LaunchWrapper]: Using primary tweak class name cpw.mods.fml.common.launcher.FMLTweaker
[11:47:12] [main/INFO] [LaunchWrapper]: Loading tweak class name net.minecraftforge.gradle.tweakers.CoremodTweaker
[11:47:12] [main/INFO] [LaunchWrapper]: Calling tweak class cpw.mods.fml.common.launcher.FMLTweaker
[11:48:58] [main/INFO] [GradleStart]: username: ldspcjunkie@gmail.com
[11:48:58] [main/INFO] [GradleStart]: Extra: []
[11:48:58] [main/INFO] [GradleStart]: Password found, attempting login
[11:49:00] [main/INFO] [GradleStart]: Login Succesful!
[11:49:00] [main/INFO] [GradleStart]: Running with arguments: [--userProperties, {"twitch_access_token":["l8wb0ko8l6feqs2g7poz8gwcb3gm6e2"]}, --assetsDir, C:/Users/PiWalker/.gradle/caches/minecraft/assets, --assetIndex, 1.7.10, --userType, mojang, --accessToken, {REDACTED}, --version, 1.7.10, --uuid, e1cb3bf0635546989d0e6ddfafd3e4a1, --username, PiWalker, --tweakClass, cpw.mods.fml.common.launcher.FMLTweaker, --tweakClass, net.minecraftforge.gradle.tweakers.CoremodTweaker]
[11:49:00] [main/INFO] [LaunchWrapper]: Loading tweak class name cpw.mods.fml.common.launcher.FMLTweaker
[11:49:00] [main/INFO] [LaunchWrapper]: Using primary tweak class name cpw.mods.fml.common.launcher.FMLTweaker
[11:49:00] [main/INFO] [LaunchWrapper]: Loading tweak class name net.minecraftforge.gradle.tweakers.CoremodTweaker
[11:49:00] [main/INFO] [LaunchWrapper]: Calling tweak class cpw.mods.fml.common.launcher.FMLTweaker
[11:49:30] [main/INFO] [GradleStart]: username: ldspcjunkie@gmail.com
[11:49:30] [main/INFO] [GradleStart]: Extra: []
[11:49:30] [main/INFO] [GradleStart]: Password found, attempting login
[11:49:32] [main/INFO] [GradleStart]: Login Succesful!
[11:49:32] [main/INFO] [GradleStart]: Running with arguments: [--userProperties, {"twitch_access_token":["l8wb0ko8l6feqs2g7poz8gwcb3gm6e2"]}, --assetsDir, C:/Users/PiWalker/.gradle/caches/minecraft/assets, --assetIndex, 1.7.10, --userType, mojang, --accessToken, {REDACTED}, --version, 1.7.10, --uuid, e1cb3bf0635546989d0e6ddfafd3e4a1, --username, PiWalker, --tweakClass, cpw.mods.fml.common.launcher.FMLTweaker, --tweakClass, net.minecraftforge.gradle.tweakers.CoremodTweaker]
[11:49:32] [main/INFO] [LaunchWrapper]: Loading tweak class name cpw.mods.fml.common.launcher.FMLTweaker
[11:49:33] [main/INFO] [LaunchWrapper]: Using primary tweak class name cpw.mods.fml.common.launcher.FMLTweaker
[11:49:33] [main/INFO] [LaunchWrapper]: Loading tweak class name net.minecraftforge.gradle.tweakers.CoremodTweaker
[11:49:33] [main/INFO] [LaunchWrapper]: Calling tweak class cpw.mods.fml.common.launcher.FMLTweaker
[12:01:33] [main/INFO] [GradleStart]: username: ldspcjunkie@gmail.com
[12:01:33] [main/INFO] [GradleStart]: Extra: []
[12:01:33] [main/INFO] [GradleStart]: Password found, attempting login
[12:01:34] [main/INFO] [GradleStart]: Login Succesful!
[12:01:35] [main/INFO] [GradleStart]: Running with arguments: [--userProperties, {"twitch_access_token":["l8wb0ko8l6feqs2g7poz8gwcb3gm6e2"]}, --assetsDir, C:/Users/PiWalker/.gradle/caches/minecraft/assets, --assetIndex, 1.7.10, --userType, mojang, --accessToken, {REDACTED}, --version, 1.7.10, --uuid, e1cb3bf0635546989d0e6ddfafd3e4a1, --username, PiWalker, --tweakClass, cpw.mods.fml.common.launcher.FMLTweaker, --tweakClass, net.minecraftforge.gradle.tweakers.CoremodTweaker]
[12:01:35] [main/INFO] [LaunchWrapper]: Loading tweak class name cpw.mods.fml.common.launcher.FMLTweaker
[12:01:35] [main/INFO] [LaunchWrapper]: Using primary tweak class name cpw.mods.fml.common.launcher.FMLTweaker
[12:01:35] [main/INFO] [LaunchWrapper]: Loading tweak class name net.minecraftforge.gradle.tweakers.CoremodTweaker
[12:01:35] [main/INFO] [LaunchWrapper]: Calling tweak class cpw.mods.fml.common.launcher.FMLTweaker
[12:17:34] [main/INFO] [GradleStart]: username: ldspcjunkie@gmail.com
[12:17:34] [main/INFO] [GradleStart]: Extra: []
[12:17:34] [main/INFO] [GradleStart]: Password found, attempting login
[12:17:38] [main/INFO] [GradleStart]: Login Succesful!
[12:17:38] [main/INFO] [GradleStart]: Running with arguments: [--userProperties, {"twitch_access_token":["l8wb0ko8l6feqs2g7poz8gwcb3gm6e2"]}, --assetsDir, C:/Users/PiWalker/.gradle/caches/minecraft/assets, --assetIndex, 1.7.10, --userType, mojang, --accessToken, {REDACTED}, --version, 1.7.10, --uuid, e1cb3bf0635546989d0e6ddfafd3e4a1, --username, PiWalker, --tweakClass, cpw.mods.fml.common.launcher.FMLTweaker, --tweakClass, net.minecraftforge.gradle.tweakers.CoremodTweaker]
[12:17:38] [main/INFO] [LaunchWrapper]: Loading tweak class name cpw.mods.fml.common.launcher.FMLTweaker
[12:17:38] [main/INFO] [LaunchWrapper]: Using primary tweak class name cpw.mods.fml.common.launcher.FMLTweaker
[12:17:38] [main/INFO] [LaunchWrapper]: Loading tweak class name net.minecraftforge.gradle.tweakers.CoremodTweaker
[12:17:38] [main/INFO] [LaunchWrapper]: Calling tweak class cpw.mods.fml.common.launcher.FMLTweaker
[12:20:41] [main/INFO] [GradleStart]: username: ldspcjunkie@gmail.com
[12:20:41] [main/INFO] [GradleStart]: Extra: []
[12:20:41] [main/INFO] [GradleStart]: Password found, attempting login
[12:20:43] [main/INFO] [GradleStart]: Login Succesful!
[12:20:43] [main/INFO] [GradleStart]: Running with arguments: [--userProperties, {"twitch_access_token":["l8wb0ko8l6feqs2g7poz8gwcb3gm6e2"]}, --assetsDir, C:/Users/PiWalker/.gradle/caches/minecraft/assets, --assetIndex, 1.7.10, --userType, mojang, --accessToken, {REDACTED}, --version, 1.7.10, --uuid, e1cb3bf0635546989d0e6ddfafd3e4a1, --username, PiWalker, --tweakClass, cpw.mods.fml.common.launcher.FMLTweaker, --tweakClass, net.minecraftforge.gradle.tweakers.CoremodTweaker]
[12:20:43] [main/INFO] [LaunchWrapper]: Loading tweak class name cpw.mods.fml.common.launcher.FMLTweaker
[12:20:43] [main/INFO] [LaunchWrapper]: Using primary tweak class name cpw.mods.fml.common.launcher.FMLTweaker
[12:20:43] [main/INFO] [LaunchWrapper]: Loading tweak class name net.minecraftforge.gradle.tweakers.CoremodTweaker
[12:20:43] [main/INFO] [LaunchWrapper]: Calling tweak class cpw.mods.fml.common.launcher.FMLTweaker
[12:23:45] [main/INFO] [GradleStart]: username: ldspcjunkie@gmail.com
[12:23:45] [main/INFO] [GradleStart]: Extra: []
[12:23:45] [main/INFO] [GradleStart]: Password found, attempting login
[12:23:47] [main/INFO] [GradleStart]: Login Succesful!
[12:23:47] [main/INFO] [GradleStart]: Running with arguments: [--userProperties, {"twitch_access_token":["l8wb0ko8l6feqs2g7poz8gwcb3gm6e2"]}, --assetsDir, C:/Users/PiWalker/.gradle/caches/minecraft/assets, --assetIndex, 1.7.10, --userType, mojang, --accessToken, {REDACTED}, --version, 1.7.10, --uuid, e1cb3bf0635546989d0e6ddfafd3e4a1, --username, PiWalker, --tweakClass, cpw.mods.fml.common.launcher.FMLTweaker, --tweakClass, net.minecraftforge.gradle.tweakers.CoremodTweaker]
[12:23:47] [main/INFO] [LaunchWrapper]: Loading tweak class name cpw.mods.fml.common.launcher.FMLTweaker
[12:23:47] [main/INFO] [LaunchWrapper]: Using primary tweak class name cpw.mods.fml.common.launcher.FMLTweaker
[12:23:47] [main/INFO] [LaunchWrapper]: Loading tweak class name net.minecraftforge.gradle.tweakers.CoremodTweaker
[12:23:47] [main/INFO] [LaunchWrapper]: Calling tweak class cpw.mods.fml.common.launcher.FMLTweaker
[12:25:38] [main/INFO] [GradleStart]: username: ldspcjunkie@gmail.com
[12:25:38] [main/INFO] [GradleStart]: Extra: []
[12:25:38] [main/INFO] [GradleStart]: Password found, attempting login
[12:25:40] [main/INFO] [GradleStart]: Login Succesful!
[12:25:40] [main/INFO] [GradleStart]: Running with arguments: [--userProperties, {"twitch_access_token":["l8wb0ko8l6feqs2g7poz8gwcb3gm6e2"]}, --assetsDir, C:/Users/PiWalker/.gradle/caches/minecraft/assets, --assetIndex, 1.7.10, --userType, mojang, --accessToken, {REDACTED}, --version, 1.7.10, --uuid, e1cb3bf0635546989d0e6ddfafd3e4a1, --username, PiWalker, --tweakClass, cpw.mods.fml.common.launcher.FMLTweaker, --tweakClass, net.minecraftforge.gradle.tweakers.CoremodTweaker]
[12:25:40] [main/INFO] [LaunchWrapper]: Loading tweak class name cpw.mods.fml.common.launcher.FMLTweaker
[12:25:40] [main/INFO] [LaunchWrapper]: Using primary tweak class name cpw.mods.fml.common.launcher.FMLTweaker
[12:25:40] [main/INFO] [LaunchWrapper]: Loading tweak class name net.minecraftforge.gradle.tweakers.CoremodTweaker
[12:25:40] [main/INFO] [LaunchWrapper]: Calling tweak class cpw.mods.fml.common.launcher.FMLTweaker
[12:27:27] [main/INFO] [GradleStart]: username: ldspcjunkie@gmail.com
[12:27:27] [main/INFO] [GradleStart]: Extra: []
[12:27:27] [main/INFO] [GradleStart]: Password found, attempting login
[12:27:29] [main/INFO] [GradleStart]: Login Succesful!
[12:27:29] [main/INFO] [GradleStart]: Running with arguments: [--userProperties, {"twitch_access_token":["l8wb0ko8l6feqs2g7poz8gwcb3gm6e2"]}, --assetsDir, C:/Users/PiWalker/.gradle/caches/minecraft/assets, --assetIndex, 1.7.10, --userType, mojang, --accessToken, {REDACTED}, --version, 1.7.10, --uuid, e1cb3bf0635546989d0e6ddfafd3e4a1, --username, PiWalker, --tweakClass, cpw.mods.fml.common.launcher.FMLTweaker, --tweakClass, net.minecraftforge.gradle.tweakers.CoremodTweaker]
[12:27:29] [main/INFO] [LaunchWrapper]: Loading tweak class name cpw.mods.fml.common.launcher.FMLTweaker
[12:27:29] [main/INFO] [LaunchWrapper]: Using primary tweak class name cpw.mods.fml.common.launcher.FMLTweaker
[12:27:29] [main/INFO] [LaunchWrapper]: Loading tweak class name net.minecraftforge.gradle.tweakers.CoremodTweaker
[12:27:29] [main/INFO] [LaunchWrapper]: Calling tweak class cpw.mods.fml.common.launcher.FMLTweaker
[18:19:52] [main/INFO] [GradleStart]: username: ldspcjunkie@gmail.com
[18:19:52] [main/INFO] [GradleStart]: Extra: []
[18:19:52] [main/INFO] [GradleStart]: Password found, attempting login
[18:19:54] [main/INFO] [GradleStart]: Login Succesful!
[18:19:54] [main/INFO] [GradleStart]: Running with arguments: [--userProperties, {"twitch_access_token":["l8wb0ko8l6feqs2g7poz8gwcb3gm6e2"]}, --assetsDir, C:/Users/PiWalker/.gradle/caches/minecraft/assets, --assetIndex, 1.7.10, --userType, mojang, --accessToken, {REDACTED}, --version, 1.7.10, --uuid, e1cb3bf0635546989d0e6ddfafd3e4a1, --username, PiWalker, --tweakClass, cpw.mods.fml.common.launcher.FMLTweaker, --tweakClass, net.minecraftforge.gradle.tweakers.CoremodTweaker]
[18:19:54] [main/INFO] [LaunchWrapper]: Loading tweak class name cpw.mods.fml.common.launcher.FMLTweaker
[18:19:54] [main/INFO] [LaunchWrapper]: Using primary tweak class name cpw.mods.fml.common.launcher.FMLTweaker
[18:19:54] [main/INFO] [LaunchWrapper]: Loading tweak class name net.minecraftforge.gradle.tweakers.CoremodTweaker
[18:19:54] [main/INFO] [LaunchWrapper]: Calling tweak class cpw.mods.fml.common.launcher.FMLTweaker
[18:21:47] [main/INFO] [GradleStart]: username: ldspcjunkie@gmail.com
[18:21:47] [main/INFO] [GradleStart]: Extra: []
[18:21:47] [main/INFO] [GradleStart]: Password found, attempting login
[18:21:48] [main/INFO] [GradleStart]: Login Succesful!
[18:21:49] [main/INFO] [GradleStart]: Running with arguments: [--userProperties, {"twitch_access_token":["l8wb0ko8l6feqs2g7poz8gwcb3gm6e2"]}, --assetsDir, C:/Users/PiWalker/.gradle/caches/minecraft/assets, --assetIndex, 1.7.10, --userType, mojang, --accessToken, {REDACTED}, --version, 1.7.10, --uuid, e1cb3bf0635546989d0e6ddfafd3e4a1, --username, PiWalker, --tweakClass, cpw.mods.fml.common.launcher.FMLTweaker, --tweakClass, net.minecraftforge.gradle.tweakers.CoremodTweaker]
[18:21:49] [main/INFO] [LaunchWrapper]: Loading tweak class name cpw.mods.fml.common.launcher.FMLTweaker
[18:21:49] [main/INFO] [LaunchWrapper]: Using primary tweak class name cpw.mods.fml.common.launcher.FMLTweaker
[18:21:49] [main/INFO] [LaunchWrapper]: Loading tweak class name net.minecraftforge.gradle.tweakers.CoremodTweaker
[18:21:49] [main/INFO] [LaunchWrapper]: Calling tweak class cpw.mods.fml.common.launcher.FMLTweaker
[18:24:08] [main/INFO] [GradleStart]: username: ldspcjunkie@gmail.com
[18:24:08] [main/INFO] [GradleStart]: Extra: []
[18:24:08] [main/INFO] [GradleStart]: Password found, attempting login
[18:24:10] [main/INFO] [GradleStart]: Login Succesful!
[18:24:10] [main/INFO] [GradleStart]: Running with arguments: [--userProperties, {"twitch_access_token":["l8wb0ko8l6feqs2g7poz8gwcb3gm6e2"]}, --assetsDir, C:/Users/PiWalker/.gradle/caches/minecraft/assets, --assetIndex, 1.7.10, --userType, mojang, --accessToken, {REDACTED}, --version, 1.7.10, --uuid, e1cb3bf0635546989d0e6ddfafd3e4a1, --username, PiWalker, --tweakClass, cpw.mods.fml.common.launcher.FMLTweaker, --tweakClass, net.minecraftforge.gradle.tweakers.CoremodTweaker]
[18:24:10] [main/INFO] [LaunchWrapper]: Loading tweak class name cpw.mods.fml.common.launcher.FMLTweaker
[18:24:10] [main/INFO] [LaunchWrapper]: Using primary tweak class name cpw.mods.fml.common.launcher.FMLTweaker
[18:24:10] [main/INFO] [LaunchWrapper]: Loading tweak class name net.minecraftforge.gradle.tweakers.CoremodTweaker
[18:24:10] [main/INFO] [LaunchWrapper]: Calling tweak class cpw.mods.fml.common.launcher.FMLTweaker
[18:25:11] [main/INFO] [GradleStart]: username: ldspcjunkie@gmail.com
[18:25:11] [main/INFO] [GradleStart]: Extra: []
[18:25:11] [main/INFO] [GradleStart]: Password found, attempting login
[18:25:13] [main/INFO] [GradleStart]: Login Succesful!
[18:25:13] [main/INFO] [GradleStart]: Running with arguments: [--userProperties, {"twitch_access_token":["l8wb0ko8l6feqs2g7poz8gwcb3gm6e2"]}, --assetsDir, C:/Users/PiWalker/.gradle/caches/minecraft/assets, --assetIndex, 1.7.10, --userType, mojang, --accessToken, {REDACTED}, --version, 1.7.10, --uuid, e1cb3bf0635546989d0e6ddfafd3e4a1, --username, PiWalker, --tweakClass, cpw.mods.fml.common.launcher.FMLTweaker, --tweakClass, net.minecraftforge.gradle.tweakers.CoremodTweaker]
[18:25:13] [main/INFO] [LaunchWrapper]: Loading tweak class name cpw.mods.fml.common.launcher.FMLTweaker
[18:25:13] [main/INFO] [LaunchWrapper]: Using primary tweak class name cpw.mods.fml.common.launcher.FMLTweaker
[18:25:13] [main/INFO] [LaunchWrapper]: Loading tweak class name net.minecraftforge.gradle.tweakers.CoremodTweaker
[18:25:13] [main/INFO] [LaunchWrapper]: Calling tweak class cpw.mods.fml.common.launcher.FMLTweaker
[18:27:03] [main/INFO] [GradleStart]: username: ldspcjunkie@gmail.com
[18:27:03] [main/INFO] [GradleStart]: Extra: []
[18:27:03] [main/INFO] [GradleStart]: Password found, attempting login
[18:27:05] [main/INFO] [GradleStart]: Login Succesful!
[18:27:05] [main/INFO] [GradleStart]: Running with arguments: [--userProperties, {"twitch_access_token":["l8wb0ko8l6feqs2g7poz8gwcb3gm6e2"]}, --assetsDir, C:/Users/PiWalker/.gradle/caches/minecraft/assets, --assetIndex, 1.7.10, --userType, mojang, --accessToken, {REDACTED}, --version, 1.7.10, --uuid, e1cb3bf0635546989d0e6ddfafd3e4a1, --username, PiWalker, --tweakClass, cpw.mods.fml.common.launcher.FMLTweaker, --tweakClass, net.minecraftforge.gradle.tweakers.CoremodTweaker]
[18:27:05] [main/INFO] [LaunchWrapper]: Loading tweak class name cpw.mods.fml.common.launcher.FMLTweaker
[18:27:05] [main/INFO] [LaunchWrapper]: Using primary tweak class name cpw.mods.fml.common.launcher.FMLTweaker
[18:27:05] [main/INFO] [LaunchWrapper]: Loading tweak class name net.minecraftforge.gradle.tweakers.CoremodTweaker
[18:27:05] [main/INFO] [LaunchWrapper]: Calling tweak class cpw.mods.fml.common.launcher.FMLTweaker
[20:37:24] [main/INFO] [GradleStart]: username: ldspcjunkie@gmail.com
[20:37:24] [main/INFO] [GradleStart]: Extra: []
[20:37:24] [main/INFO] [GradleStart]: Password found, attempting login
[20:37:26] [main/INFO] [GradleStart]: Login Succesful!
[20:37:26] [main/INFO] [GradleStart]: Running with arguments: [--userProperties, {"twitch_access_token":["l8wb0ko8l6feqs2g7poz8gwcb3gm6e2"]}, --assetsDir, C:/Users/PiWalker/.gradle/caches/minecraft/assets, --assetIndex, 1.7.10, --userType, mojang, --accessToken, {REDACTED}, --version, 1.7.10, --uuid, e1cb3bf0635546989d0e6ddfafd3e4a1, --username, PiWalker, --tweakClass, cpw.mods.fml.common.launcher.FMLTweaker, --tweakClass, net.minecraftforge.gradle.tweakers.CoremodTweaker]
[20:37:26] [main/INFO] [LaunchWrapper]: Loading tweak class name cpw.mods.fml.common.launcher.FMLTweaker
[20:37:26] [main/INFO] [LaunchWrapper]: Using primary tweak class name cpw.mods.fml.common.launcher.FMLTweaker
[20:37:26] [main/INFO] [LaunchWrapper]: Loading tweak class name net.minecraftforge.gradle.tweakers.CoremodTweaker
[20:37:26] [main/INFO] [LaunchWrapper]: Calling tweak class cpw.mods.fml.common.launcher.FMLTweaker
[20:37:48] [main/INFO] [GradleStart]: username: ldspcjunkie@gmail.com
[20:37:48] [main/INFO] [GradleStart]: Extra: []
[20:37:48] [main/INFO] [GradleStart]: Password found, attempting login
[20:37:50] [main/INFO] [GradleStart]: Login Succesful!
[20:37:50] [main/INFO] [GradleStart]: Running with arguments: [--userProperties, {"twitch_access_token":["l8wb0ko8l6feqs2g7poz8gwcb3gm6e2"]}, --assetsDir, C:/Users/PiWalker/.gradle/caches/minecraft/assets, --assetIndex, 1.7.10, --userType, mojang, --accessToken, {REDACTED}, --version, 1.7.10, --uuid, e1cb3bf0635546989d0e6ddfafd3e4a1, --username, PiWalker, --tweakClass, cpw.mods.fml.common.launcher.FMLTweaker, --tweakClass, net.minecraftforge.gradle.tweakers.CoremodTweaker]
[20:37:50] [main/INFO] [LaunchWrapper]: Loading tweak class name cpw.mods.fml.common.launcher.FMLTweaker
[20:37:50] [main/INFO] [LaunchWrapper]: Using primary tweak class name cpw.mods.fml.common.launcher.FMLTweaker
[20:37:50] [main/INFO] [LaunchWrapper]: Loading tweak class name net.minecraftforge.gradle.tweakers.CoremodTweaker
[20:37:50] [main/INFO] [LaunchWrapper]: Calling tweak class cpw.mods.fml.common.launcher.FMLTweaker
[20:42:04] [main/INFO] [GradleStart]: username: ldspcjunkie@gmail.com
[20:42:04] [main/INFO] [GradleStart]: Extra: []
[20:42:04] [main/INFO] [GradleStart]: Password found, attempting login
[20:42:06] [main/INFO] [GradleStart]: Login Succesful!
[20:42:06] [main/INFO] [GradleStart]: Running with arguments: [--userProperties, {"twitch_access_token":["l8wb0ko8l6feqs2g7poz8gwcb3gm6e2"]}, --assetsDir, C:/Users/PiWalker/.gradle/caches/minecraft/assets, --assetIndex, 1.7.10, --userType, mojang, --accessToken, {REDACTED}, --version, 1.7.10, --uuid, e1cb3bf0635546989d0e6ddfafd3e4a1, --username, PiWalker, --tweakClass, cpw.mods.fml.common.launcher.FMLTweaker, --tweakClass, net.minecraftforge.gradle.tweakers.CoremodTweaker]
[20:42:06] [main/INFO] [LaunchWrapper]: Loading tweak class name cpw.mods.fml.common.launcher.FMLTweaker
[20:42:06] [main/INFO] [LaunchWrapper]: Using primary tweak class name cpw.mods.fml.common.launcher.FMLTweaker
[20:42:06] [main/INFO] [LaunchWrapper]: Loading tweak class name net.minecraftforge.gradle.tweakers.CoremodTweaker
[20:42:06] [main/INFO] [LaunchWrapper]: Calling tweak class cpw.mods.fml.common.launcher.FMLTweaker
[20:45:14] [main/INFO] [GradleStart]: username: ldspcjunkie@gmail.com
[20:45:14] [main/INFO] [GradleStart]: Extra: []
[20:45:14] [main/INFO] [GradleStart]: Password found, attempting login
[20:45:16] [main/INFO] [GradleStart]: Login Succesful!
[20:45:16] [main/INFO] [GradleStart]: Running with arguments: [--userProperties, {"twitch_access_token":["l8wb0ko8l6feqs2g7poz8gwcb3gm6e2"]}, --assetsDir, C:/Users/PiWalker/.gradle/caches/minecraft/assets, --assetIndex, 1.7.10, --userType, mojang, --accessToken, {REDACTED}, --version, 1.7.10, --uuid, e1cb3bf0635546989d0e6ddfafd3e4a1, --username, PiWalker, --tweakClass, cpw.mods.fml.common.launcher.FMLTweaker, --tweakClass, net.minecraftforge.gradle.tweakers.CoremodTweaker]
[20:45:16] [main/INFO] [LaunchWrapper]: Loading tweak class name cpw.mods.fml.common.launcher.FMLTweaker
[20:45:16] [main/INFO] [LaunchWrapper]: Using primary tweak class name cpw.mods.fml.common.launcher.FMLTweaker
[20:45:16] [main/INFO] [LaunchWrapper]: Loading tweak class name net.minecraftforge.gradle.tweakers.CoremodTweaker
[20:45:16] [main/INFO] [LaunchWrapper]: Calling tweak class cpw.mods.fml.common.launcher.FMLTweaker
[20:47:28] [main/INFO] [GradleStart]: username: ldspcjunkie@gmail.com
[20:47:28] [main/INFO] [GradleStart]: Extra: []
[20:47:28] [main/INFO] [GradleStart]: Password found, attempting login
[20:47:29] [main/INFO] [GradleStart]: Login Succesful!
[20:47:30] [main/INFO] [GradleStart]: Running with arguments: [--userProperties, {"twitch_access_token":["l8wb0ko8l6feqs2g7poz8gwcb3gm6e2"]}, --assetsDir, C:/Users/PiWalker/.gradle/caches/minecraft/assets, --assetIndex, 1.7.10, --userType, mojang, --accessToken, {REDACTED}, --version, 1.7.10, --uuid, e1cb3bf0635546989d0e6ddfafd3e4a1, --username, PiWalker, --tweakClass, cpw.mods.fml.common.launcher.FMLTweaker, --tweakClass, net.minecraftforge.gradle.tweakers.CoremodTweaker]
[20:47:30] [main/INFO] [LaunchWrapper]: Loading tweak class name cpw.mods.fml.common.launcher.FMLTweaker
[20:47:30] [main/INFO] [LaunchWrapper]: Using primary tweak class name cpw.mods.fml.common.launcher.FMLTweaker
[20:47:30] [main/INFO] [LaunchWrapper]: Loading tweak class name net.minecraftforge.gradle.tweakers.CoremodTweaker
[20:47:30] [main/INFO] [LaunchWrapper]: Calling tweak class cpw.mods.fml.common.launcher.FMLTweaker
[20:51:05] [main/INFO] [GradleStart]: username: ldspcjunkie@gmail.com
[20:51:05] [main/INFO] [GradleStart]: Extra: []
[20:51:05] [main/INFO] [GradleStart]: Password found, attempting login
[20:51:07] [main/INFO] [GradleStart]: Login Succesful!
[20:51:07] [main/INFO] [GradleStart]: Running with arguments: [--userProperties, {"twitch_access_token":["l8wb0ko8l6feqs2g7poz8gwcb3gm6e2"]}, --assetsDir, C:/Users/PiWalker/.gradle/caches/minecraft/assets, --assetIndex, 1.7.10, --userType, mojang, --accessToken, {REDACTED}, --version, 1.7.10, --uuid, e1cb3bf0635546989d0e6ddfafd3e4a1, --username, PiWalker, --tweakClass, cpw.mods.fml.common.launcher.FMLTweaker, --tweakClass, net.minecraftforge.gradle.tweakers.CoremodTweaker]
[20:51:08] [main/INFO] [LaunchWrapper]: Loading tweak class name cpw.mods.fml.common.launcher.FMLTweaker
[20:51:08] [main/INFO] [LaunchWrapper]: Using primary tweak class name cpw.mods.fml.common.launcher.FMLTweaker
[20:51:08] [main/INFO] [LaunchWrapper]: Loading tweak class name net.minecraftforge.gradle.tweakers.CoremodTweaker
[20:51:08] [main/INFO] [LaunchWrapper]: Calling tweak class cpw.mods.fml.common.launcher.FMLTweaker
[20:52:16] [main/INFO] [GradleStart]: username: ldspcjunkie@gmail.com
[20:52:16] [main/INFO] [GradleStart]: Extra: []
[20:52:16] [main/INFO] [GradleStart]: Password found, attempting login
[20:52:18] [main/INFO] [GradleStart]: Login Succesful!
[20:52:18] [main/INFO] [GradleStart]: Running with arguments: [--userProperties, {"twitch_access_token":["l8wb0ko8l6feqs2g7poz8gwcb3gm6e2"]}, --assetsDir, C:/Users/PiWalker/.gradle/caches/minecraft/assets, --assetIndex, 1.7.10, --userType, mojang, --accessToken, {REDACTED}, --version, 1.7.10, --uuid, e1cb3bf0635546989d0e6ddfafd3e4a1, --username, PiWalker, --tweakClass, cpw.mods.fml.common.launcher.FMLTweaker, --tweakClass, net.minecraftforge.gradle.tweakers.CoremodTweaker]
[20:52:18] [main/INFO] [LaunchWrapper]: Loading tweak class name cpw.mods.fml.common.launcher.FMLTweaker
[20:52:18] [main/INFO] [LaunchWrapper]: Using primary tweak class name cpw.mods.fml.common.launcher.FMLTweaker
[20:52:18] [main/INFO] [LaunchWrapper]: Loading tweak class name net.minecraftforge.gradle.tweakers.CoremodTweaker
[20:52:18] [main/INFO] [LaunchWrapper]: Calling tweak class cpw.mods.fml.common.launcher.FMLTweaker
[20:53:22] [main/INFO] [GradleStart]: username: ldspcjunkie@gmail.com
[20:53:22] [main/INFO] [GradleStart]: Extra: []
[20:53:22] [main/INFO] [GradleStart]: Password found, attempting login
[20:53:24] [main/INFO] [GradleStart]: Login Succesful!
[20:53:24] [main/INFO] [GradleStart]: Running with arguments: [--userProperties, {"twitch_access_token":["l8wb0ko8l6feqs2g7poz8gwcb3gm6e2"]}, --assetsDir, C:/Users/PiWalker/.gradle/caches/minecraft/assets, --assetIndex, 1.7.10, --userType, mojang, --accessToken, {REDACTED}, --version, 1.7.10, --uuid, e1cb3bf0635546989d0e6ddfafd3e4a1, --username, PiWalker, --tweakClass, cpw.mods.fml.common.launcher.FMLTweaker, --tweakClass, net.minecraftforge.gradle.tweakers.CoremodTweaker]
[20:53:24] [main/INFO] [LaunchWrapper]: Loading tweak class name cpw.mods.fml.common.launcher.FMLTweaker
[20:53:24] [main/INFO] [LaunchWrapper]: Using primary tweak class name cpw.mods.fml.common.launcher.FMLTweaker
[20:53:24] [main/INFO] [LaunchWrapper]: Loading tweak class name net.minecraftforge.gradle.tweakers.CoremodTweaker
[20:53:24] [main/INFO] [LaunchWrapper]: Calling tweak class cpw.mods.fml.common.launcher.FMLTweaker
[21:04:39] [main/INFO] [GradleStart]: username: ldspcjunkie@gmail.com
[21:04:39] [main/INFO] [GradleStart]: Extra: []
[21:04:39] [main/INFO] [GradleStart]: Password found, attempting login
[21:04:41] [main/INFO] [GradleStart]: Login Succesful!
[21:04:41] [main/INFO] [GradleStart]: Running with arguments: [--userProperties, {"twitch_access_token":["l8wb0ko8l6feqs2g7poz8gwcb3gm6e2"]}, --assetsDir, C:/Users/PiWalker/.gradle/caches/minecraft/assets, --assetIndex, 1.7.10, --userType, mojang, --accessToken, {REDACTED}, --version, 1.7.10, --uuid, e1cb3bf0635546989d0e6ddfafd3e4a1, --username, PiWalker, --tweakClass, cpw.mods.fml.common.launcher.FMLTweaker, --tweakClass, net.minecraftforge.gradle.tweakers.CoremodTweaker]
[21:04:41] [main/INFO] [LaunchWrapper]: Loading tweak class name cpw.mods.fml.common.launcher.FMLTweaker
[21:04:41] [main/INFO] [LaunchWrapper]: Using primary tweak class name cpw.mods.fml.common.launcher.FMLTweaker
[21:04:41] [main/INFO] [LaunchWrapper]: Loading tweak class name net.minecraftforge.gradle.tweakers.CoremodTweaker
[21:04:41] [main/INFO] [LaunchWrapper]: Calling tweak class cpw.mods.fml.common.launcher.FMLTweaker
[21:06:48] [main/INFO] [GradleStart]: username: ldspcjunkie@gmail.com
[21:06:48] [main/INFO] [GradleStart]: Extra: []
[21:06:48] [main/INFO] [GradleStart]: Password found, attempting login
[21:06:50] [main/INFO] [GradleStart]: Login Succesful!
[21:06:50] [main/INFO] [GradleStart]: Running with arguments: [--userProperties, {"twitch_access_token":["l8wb0ko8l6feqs2g7poz8gwcb3gm6e2"]}, --assetsDir, C:/Users/PiWalker/.gradle/caches/minecraft/assets, --assetIndex, 1.7.10, --userType, mojang, --accessToken, {REDACTED}, --version, 1.7.10, --uuid, e1cb3bf0635546989d0e6ddfafd3e4a1, --username, PiWalker, --tweakClass, cpw.mods.fml.common.launcher.FMLTweaker, --tweakClass, net.minecraftforge.gradle.tweakers.CoremodTweaker]
[21:06:50] [main/INFO] [LaunchWrapper]: Loading tweak class name cpw.mods.fml.common.launcher.FMLTweaker
[21:06:50] [main/INFO] [LaunchWrapper]: Using primary tweak class name cpw.mods.fml.common.launcher.FMLTweaker
[21:06:50] [main/INFO] [LaunchWrapper]: Loading tweak class name net.minecraftforge.gradle.tweakers.CoremodTweaker
[21:06:50] [main/INFO] [LaunchWrapper]: Calling tweak class cpw.mods.fml.common.launcher.FMLTweaker
[21:10:55] [main/INFO] [GradleStart]: username: ldspcjunkie@gmail.com
[21:10:55] [main/INFO] [GradleStart]: Extra: []
[21:10:55] [main/INFO] [GradleStart]: Password found, attempting login
[21:10:57] [main/INFO] [GradleStart]: Login Succesful!
[21:10:57] [main/INFO] [GradleStart]: Running with arguments: [--userProperties, {"twitch_access_token":["l8wb0ko8l6feqs2g7poz8gwcb3gm6e2"]}, --assetsDir, C:/Users/PiWalker/.gradle/caches/minecraft/assets, --assetIndex, 1.7.10, --userType, mojang, --accessToken, {REDACTED}, --version, 1.7.10, --uuid, e1cb3bf0635546989d0e6ddfafd3e4a1, --username, PiWalker, --tweakClass, cpw.mods.fml.common.launcher.FMLTweaker, --tweakClass, net.minecraftforge.gradle.tweakers.CoremodTweaker]
[21:10:57] [main/INFO] [LaunchWrapper]: Loading tweak class name cpw.mods.fml.common.launcher.FMLTweaker
[21:10:57] [main/INFO] [LaunchWrapper]: Using primary tweak class name cpw.mods.fml.common.launcher.FMLTweaker
[21:10:57] [main/INFO] [LaunchWrapper]: Loading tweak class name net.minecraftforge.gradle.tweakers.CoremodTweaker
[21:10:57] [main/INFO] [LaunchWrapper]: Calling tweak class cpw.mods.fml.common.launcher.FMLTweaker
[21:12:17] [main/INFO] [GradleStart]: username: ldspcjunkie@gmail.com
[21:12:17] [main/INFO] [GradleStart]: Extra: []
[21:12:17] [main/INFO] [GradleStart]: Password found, attempting login
[21:12:19] [main/INFO] [GradleStart]: Login Succesful!
[21:12:19] [main/INFO] [GradleStart]: Running with arguments: [--userProperties, {"twitch_access_token":["l8wb0ko8l6feqs2g7poz8gwcb3gm6e2"]}, --assetsDir, C:/Users/PiWalker/.gradle/caches/minecraft/assets, --assetIndex, 1.7.10, --userType, mojang, --accessToken, {REDACTED}, --version, 1.7.10, --uuid, e1cb3bf0635546989d0e6ddfafd3e4a1, --username, PiWalker, --tweakClass, cpw.mods.fml.common.launcher.FMLTweaker, --tweakClass, net.minecraftforge.gradle.tweakers.CoremodTweaker]
[21:12:19] [main/INFO] [LaunchWrapper]: Loading tweak class name cpw.mods.fml.common.launcher.FMLTweaker
[21:12:19] [main/INFO] [LaunchWrapper]: Using primary tweak class name cpw.mods.fml.common.launcher.FMLTweaker
[21:12:19] [main/INFO] [LaunchWrapper]: Loading tweak class name net.minecraftforge.gradle.tweakers.CoremodTweaker
[21:12:19] [main/INFO] [LaunchWrapper]: Calling tweak class cpw.mods.fml.common.launcher.FMLTweaker
[21:13:53] [main/INFO] [GradleStart]: username: ldspcjunkie@gmail.com
[21:13:53] [main/INFO] [GradleStart]: Extra: []
[21:13:53] [main/INFO] [GradleStart]: Password found, attempting login
[21:13:54] [main/INFO] [GradleStart]: Login Succesful!
[21:13:55] [main/INFO] [GradleStart]: Running with arguments: [--userProperties, {"twitch_access_token":["l8wb0ko8l6feqs2g7poz8gwcb3gm6e2"]}, --assetsDir, C:/Users/PiWalker/.gradle/caches/minecraft/assets, --assetIndex, 1.7.10, --userType, mojang, --accessToken, {REDACTED}, --version, 1.7.10, --uuid, e1cb3bf0635546989d0e6ddfafd3e4a1, --username, PiWalker, --tweakClass, cpw.mods.fml.common.launcher.FMLTweaker, --tweakClass, net.minecraftforge.gradle.tweakers.CoremodTweaker]
[21:13:55] [main/INFO] [LaunchWrapper]: Loading tweak class name cpw.mods.fml.common.launcher.FMLTweaker
[21:13:55] [main/INFO] [LaunchWrapper]: Using primary tweak class name cpw.mods.fml.common.launcher.FMLTweaker
[21:13:55] [main/INFO] [LaunchWrapper]: Loading tweak class name net.minecraftforge.gradle.tweakers.CoremodTweaker
[21:13:55] [main/INFO] [LaunchWrapper]: Calling tweak class cpw.mods.fml.common.launcher.FMLTweaker
[21:18:26] [main/INFO] [GradleStart]: username: ldspcjunkie@gmail.com
[21:18:26] [main/INFO] [GradleStart]: Extra: []
[21:18:26] [main/INFO] [GradleStart]: Password found, attempting login
[21:18:28] [main/INFO] [GradleStart]: Login Succesful!
[21:18:28] [main/INFO] [GradleStart]: Running with arguments: [--userProperties, {"twitch_access_token":["l8wb0ko8l6feqs2g7poz8gwcb3gm6e2"]}, --assetsDir, C:/Users/PiWalker/.gradle/caches/minecraft/assets, --assetIndex, 1.7.10, --userType, mojang, --accessToken, {REDACTED}, --version, 1.7.10, --uuid, e1cb3bf0635546989d0e6ddfafd3e4a1, --username, PiWalker, --tweakClass, cpw.mods.fml.common.launcher.FMLTweaker, --tweakClass, net.minecraftforge.gradle.tweakers.CoremodTweaker]
[21:18:28] [main/INFO] [LaunchWrapper]: Loading tweak class name cpw.mods.fml.common.launcher.FMLTweaker
[21:18:28] [main/INFO] [LaunchWrapper]: Using primary tweak class name cpw.mods.fml.common.launcher.FMLTweaker
[21:18:28] [main/INFO] [LaunchWrapper]: Loading tweak class name net.minecraftforge.gradle.tweakers.CoremodTweaker
[21:18:28] [main/INFO] [LaunchWrapper]: Calling tweak class cpw.mods.fml.common.launcher.FMLTweaker
[21:20:50] [main/INFO] [GradleStart]: username: ldspcjunkie@gmail.com
[21:20:50] [main/INFO] [GradleStart]: Extra: []
[21:20:50] [main/INFO] [GradleStart]: Password found, attempting login
[21:20:52] [main/INFO] [GradleStart]: Login Succesful!
[21:20:52] [main/INFO] [GradleStart]: Running with arguments: [--userProperties, {"twitch_access_token":["l8wb0ko8l6feqs2g7poz8gwcb3gm6e2"]}, --assetsDir, C:/Users/PiWalker/.gradle/caches/minecraft/assets, --assetIndex, 1.7.10, --userType, mojang, --accessToken, {REDACTED}, --version, 1.7.10, --uuid, e1cb3bf0635546989d0e6ddfafd3e4a1, --username, PiWalker, --tweakClass, cpw.mods.fml.common.launcher.FMLTweaker, --tweakClass, net.minecraftforge.gradle.tweakers.CoremodTweaker]
[21:20:52] [main/INFO] [LaunchWrapper]: Loading tweak class name cpw.mods.fml.common.launcher.FMLTweaker
[21:20:52] [main/INFO] [LaunchWrapper]: Using primary tweak class name cpw.mods.fml.common.launcher.FMLTweaker
[21:20:52] [main/INFO] [LaunchWrapper]: Loading tweak class name net.minecraftforge.gradle.tweakers.CoremodTweaker
[21:20:52] [main/INFO] [LaunchWrapper]: Calling tweak class cpw.mods.fml.common.launcher.FMLTweaker
[21:25:06] [main/INFO] [GradleStart]: username: ldspcjunkie@gmail.com
[21:25:07] [main/INFO] [GradleStart]: Extra: []
[21:25:07] [main/INFO] [GradleStart]: Password found, attempting login
[21:25:09] [main/INFO] [GradleStart]: Login Succesful!
[21:25:09] [main/INFO] [GradleStart]: Running with arguments: [--userProperties, {"twitch_access_token":["l8wb0ko8l6feqs2g7poz8gwcb3gm6e2"]}, --assetsDir, C:/Users/PiWalker/.gradle/caches/minecraft/assets, --assetIndex, 1.7.10, --userType, mojang, --accessToken, {REDACTED}, --version, 1.7.10, --uuid, e1cb3bf0635546989d0e6ddfafd3e4a1, --username, PiWalker, --tweakClass, cpw.mods.fml.common.launcher.FMLTweaker, --tweakClass, net.minecraftforge.gradle.tweakers.CoremodTweaker]
[21:25:09] [main/INFO] [LaunchWrapper]: Loading tweak class name cpw.mods.fml.common.launcher.FMLTweaker
[21:25:09] [main/INFO] [LaunchWrapper]: Using primary tweak class name cpw.mods.fml.common.launcher.FMLTweaker
[21:25:09] [main/INFO] [LaunchWrapper]: Loading tweak class name net.minecraftforge.gradle.tweakers.CoremodTweaker
[21:25:09] [main/INFO] [LaunchWrapper]: Calling tweak class cpw.mods.fml.common.launcher.FMLTweaker
