[17:33:25] [main/INFO]: Logging in with username & password
[17:33:31] [main/INFO]: Setting user: PiWalker
[17:33:34] [Client thread/INFO]: LWJGL Version: 2.9.1
[17:33:35] [Twitch authenticator/ERROR]: Given twitch access token is invalid
[17:33:47] [Client thread/INFO]: Reloading ResourceManager: Default, FMLFileResourcePack:Forge Mod Loader, FMLFileResourcePack:Minecraft Forge, FMLFileResourcePack:Emerald Tools
[17:33:48] [Sound Library Loader/INFO]: Sound engine started
[17:33:50] [Client thread/INFO]: Created: 512x256 textures/blocks-atlas
[17:33:50] [Client thread/INFO]: Created: 256x256 textures/items-atlas
[17:33:51] [Client thread/INFO]: Reloading ResourceManager: Default, FMLFileResourcePack:Forge Mod Loader, FMLFileResourcePack:Minecraft Forge, FMLFileResourcePack:Emerald Tools
[17:33:51] [Client thread/INFO]: Created: 512x256 textures/blocks-atlas
[17:33:51] [Client thread/INFO]: Created: 256x256 textures/items-atlas
[17:33:52] [Sound Library Loader/INFO]: Sound engine started
[17:34:04] [Server thread/INFO]: Starting integrated minecraft server version 1.7.10
[17:34:04] [Server thread/INFO]: Generating keypair
[17:34:05] [Server thread/INFO]: Preparing start region for level 0
[17:34:06] [Server thread/INFO]: Preparing spawn area: 45%
[17:34:07] [Server thread/INFO]: Changing view distance to 8, from 10
[17:34:08] [Server thread/INFO]: PiWalker[local:E:7eb34f8e] logged in with entity id 182 at (-1518.3338647107491, 4.0, -839.8458816926674)
[17:34:08] [Server thread/INFO]: PiWalker joined the game
[17:35:20] [Server thread/INFO]: Saving and pausing game...
[17:35:20] [Server thread/INFO]: Saving chunks for level 'DevWorld'/Overworld
[17:35:20] [Server thread/INFO]: Saving chunks for level 'DevWorld'/Nether
[17:35:20] [Server thread/INFO]: Saving chunks for level 'DevWorld'/The End
[17:35:21] [Server thread/INFO]: Stopping server
[17:35:21] [Server thread/INFO]: Saving players
[17:35:21] [Server thread/INFO]: Saving worlds
[17:35:21] [Server thread/INFO]: Saving chunks for level 'DevWorld'/Overworld
[17:35:21] [Server thread/INFO]: Saving chunks for level 'DevWorld'/Nether
[17:35:21] [Server thread/INFO]: Saving chunks for level 'DevWorld'/The End
[17:35:22] [Client thread/INFO]: Stopping!
